"../../../Engine/Content/Functions/Engine_MaterialFunctions01/Shading/PowerToRoughness.uasset" 0
"../../../Engine/Content/Functions/Engine_MaterialFunctions01/Shading/PowerToRoughness.uexp" 1
"../../../Engine/Content/Functions/Engine_MaterialFunctions01/Shading/ConvertFromDiffSpec.uasset" 2
"../../../Engine/Content/Functions/Engine_MaterialFunctions01/Shading/ConvertFromDiffSpec.uexp" 3
"../../../Engine/Content/EngineSounds/Master.uasset" 4
"../../../Engine/Content/EngineSounds/Master.uexp" 5
"../../../Engine/Content/EngineSky/M_SimpleSkyDome.uasset" 6
"../../../Engine/Content/EngineSky/M_SimpleSkyDome.uexp" 7
"../../../Engine/Content/EngineSky/VolumetricClouds/CloudWeatherTexture.uasset" 8
"../../../Engine/Content/EngineSky/VolumetricClouds/CloudWeatherTexture.uexp" 9
"../../../Engine/Content/Functions/Engine_MaterialFunctions02/Utility/MakeFloat2.uasset" 10
"../../../Engine/Content/Functions/Engine_MaterialFunctions02/Utility/MakeFloat2.uexp" 11
"../../../Engine/Content/EngineSky/VolumetricClouds/CloudGradientTexture.uasset" 12
"../../../Engine/Content/EngineSky/VolumetricClouds/CloudGradientTexture.uexp" 13
"../../../Engine/Content/EngineSky/VolumetricClouds/T_NoiseShape64.uasset" 14
"../../../Engine/Content/EngineSky/VolumetricClouds/T_NoiseShape64.uexp" 15
"../../../Engine/Content/EngineSky/VolumetricClouds/T_VolumeNoiseShape64.uasset" 16
"../../../Engine/Content/EngineSky/VolumetricClouds/T_VolumeNoiseShape64.uexp" 17
"../../../Engine/Content/EngineSky/VolumetricClouds/T_NoiseErosion.uasset" 18
"../../../Engine/Content/EngineSky/VolumetricClouds/T_NoiseErosion.uexp" 19
"../../../Engine/Content/EngineSky/VolumetricClouds/T_VolumeNoiseErosion32.uasset" 20
"../../../Engine/Content/EngineSky/VolumetricClouds/T_VolumeNoiseErosion32.uexp" 21
"../../../Engine/Content/EngineSky/VolumetricClouds/m_SimpleVolumetricCloud.uasset" 22
"../../../Engine/Content/EngineSky/VolumetricClouds/m_SimpleVolumetricCloud.uexp" 23
"../../../Engine/Content/EngineSky/VolumetricClouds/m_SimpleVolumetricCloud_Inst.uasset" 24
"../../../Engine/Content/EngineSky/VolumetricClouds/m_SimpleVolumetricCloud_Inst.uexp" 25
"../../../Engine/Content/EngineResources/GradientTexture0.uasset" 26
"../../../Engine/Content/EngineResources/GradientTexture0.uexp" 27
"../../../Engine/Content/EngineResources/DefaultVolumeTexture2D.uasset" 28
"../../../Engine/Content/EngineResources/DefaultVolumeTexture2D.uexp" 29
"../../../Engine/Content/EngineResources/DefaultVolumeTexture.uasset" 30
"../../../Engine/Content/EngineResources/DefaultVolumeTexture.uexp" 31
"../../../Engine/Content/EngineResources/DefaultTextureCube.uasset" 32
"../../../Engine/Content/EngineResources/DefaultTextureCube.uexp" 33
"../../../Engine/Content/EngineResources/DefaultTexture.uasset" 34
"../../../Engine/Content/EngineResources/DefaultTexture.uexp" 35
"../../../Engine/Content/EngineResources/Black.uasset" 36
"../../../Engine/Content/EngineResources/Black.uexp" 37
"../../../Engine/Content/EngineResources/FilmGrains/Marcie_Grain_v3_128_M2_000.uasset" 38
"../../../Engine/Content/EngineResources/FilmGrains/Marcie_Grain_v3_128_M2_000.uexp" 39
"../../../Engine/Content/EngineMeshes/Sphere.uasset" 40
"../../../Engine/Content/EngineMeshes/Sphere.uexp" 41
"../../../Engine/Content/EngineResources/WhiteSquareTexture.uasset" 42
"../../../Engine/Content/EngineResources/WhiteSquareTexture.uexp" 43
"../../../Engine/Content/EngineMaterials/Widget3DPassThrough.uasset" 44
"../../../Engine/Content/EngineMaterials/Widget3DPassThrough.uexp" 45
"../../../Engine/Content/EngineMaterials/Widget3DPassThrough_Translucent.uasset" 46
"../../../Engine/Content/EngineMaterials/Widget3DPassThrough_Translucent.uexp" 47
"../../../Engine/Content/EngineMaterials/Widget3DPassThrough_Translucent_OneSided.uasset" 48
"../../../Engine/Content/EngineMaterials/Widget3DPassThrough_Translucent_OneSided.uexp" 49
"../../../Engine/Content/EngineMaterials/Widget3DPassThrough_Opaque.uasset" 50
"../../../Engine/Content/EngineMaterials/Widget3DPassThrough_Opaque.uexp" 51
"../../../Engine/Content/EngineMaterials/Widget3DPassThrough_Opaque_OneSided.uasset" 52
"../../../Engine/Content/EngineMaterials/Widget3DPassThrough_Opaque_OneSided.uexp" 53
"../../../Engine/Content/EngineMaterials/Widget3DPassThrough_Masked_OneSided.uasset" 54
"../../../Engine/Content/EngineMaterials/Widget3DPassThrough_Masked_OneSided.uexp" 55
"../../../Engine/Content/EngineMaterials/Widget3DPassThrough_Masked.uasset" 56
"../../../Engine/Content/EngineMaterials/Widget3DPassThrough_Masked.uexp" 57
"../../../Engine/Content/EngineMaterials/WeightMapPlaceholderTexture.uasset" 58
"../../../Engine/Content/EngineMaterials/WeightMapPlaceholderTexture.uexp" 59
"../../../Engine/Content/EngineMaterials/RemoveSurfaceMaterial.uasset" 60
"../../../Engine/Content/EngineMaterials/RemoveSurfaceMaterial.uexp" 61
"../../../Engine/Content/EngineMaterials/PreintegratedSkinBRDF.uasset" 62
"../../../Engine/Content/EngineMaterials/PreintegratedSkinBRDF.uexp" 63
"../../../Engine/Content/EngineMaterials/DefaultCalibrationGrayscale.uasset" 64
"../../../Engine/Content/EngineMaterials/DefaultCalibrationGrayscale.uexp" 65
"../../../Engine/Content/EngineMaterials/PPM_DefaultCalibrationGrayscale.uasset" 66
"../../../Engine/Content/EngineMaterials/PPM_DefaultCalibrationGrayscale.uexp" 67
"../../../Engine/Content/EngineMaterials/DefaultCalibrationColor.uasset" 68
"../../../Engine/Content/EngineMaterials/DefaultCalibrationColor.uexp" 69
"../../../Engine/Content/EngineMaterials/PPM_DefaultCalibrationColor.uasset" 70
"../../../Engine/Content/EngineMaterials/PPM_DefaultCalibrationColor.uexp" 71
"../../../Engine/Content/Functions/Engine_MaterialFunctions02/WorldPositionOffset/CameraOffset.uasset" 72
"../../../Engine/Content/Functions/Engine_MaterialFunctions02/WorldPositionOffset/CameraOffset.uexp" 73
"../../../Engine/Content/EngineMaterials/PhAT_JointLimitMaterial.uasset" 74
"../../../Engine/Content/EngineMaterials/PhAT_JointLimitMaterial.uexp" 75
"../../../Engine/Content/EngineMaterials/InvalidLightmapSettings.uasset" 76
"../../../Engine/Content/EngineMaterials/InvalidLightmapSettings.uexp" 77
"../../../Engine/Content/EngineMaterials/M_InvalidLightmapSettings.uasset" 78
"../../../Engine/Content/EngineMaterials/M_InvalidLightmapSettings.uexp" 79
"../../../Engine/Content/EngineMaterials/MiniFont.uasset" 80
"../../../Engine/Content/EngineMaterials/MiniFont.uexp" 81
"../../../Engine/Content/EngineMaterials/Good64x64TilingNoiseHighFreq.uasset" 82
"../../../Engine/Content/EngineMaterials/Good64x64TilingNoiseHighFreq.uexp" 83
"../../../Engine/Content/EngineMaterials/GizmoMaterial.uasset" 84
"../../../Engine/Content/EngineMaterials/GizmoMaterial.uexp" 85
"../../../Engine/Content/EngineMaterials/BaseFlattenEmissiveMap_VT.uasset" 86
"../../../Engine/Content/EngineMaterials/BaseFlattenEmissiveMap_VT.uexp" 87
"../../../Engine/Content/EngineMaterials/BaseFlattenGrayscaleMap_VT.uasset" 88
"../../../Engine/Content/EngineMaterials/BaseFlattenGrayscaleMap_VT.uexp" 89
"../../../Engine/Content/EngineMaterials/BaseFlattenLinearColor_VT.uasset" 90
"../../../Engine/Content/EngineMaterials/BaseFlattenLinearColor_VT.uexp" 91
"../../../Engine/Content/EngineMaterials/Black_1x1_EXR_Texture_VT.uasset" 92
"../../../Engine/Content/EngineMaterials/Black_1x1_EXR_Texture_VT.uexp" 93
"../../../Engine/Content/EngineMaterials/BaseFlattenDiffuseMap_VT.uasset" 94
"../../../Engine/Content/EngineMaterials/BaseFlattenDiffuseMap_VT.uexp" 95
"../../../Engine/Content/EngineMaterials/BaseFlattenNormalMap_VT.uasset" 96
"../../../Engine/Content/EngineMaterials/BaseFlattenNormalMap_VT.uexp" 97
"../../../Engine/Content/EngineMaterials/FlattenMaterial_WS_Normal_VT.uasset" 98
"../../../Engine/Content/EngineMaterials/FlattenMaterial_WS_Normal_VT.uexp" 99
"../../../Engine/Content/EngineMaterials/FlattenMaterial_VT.uasset" 100
"../../../Engine/Content/EngineMaterials/FlattenMaterial_VT.uexp" 101
"../../../Engine/Content/EngineMaterials/BaseFlattenNormalMap.uasset" 102
"../../../Engine/Content/EngineMaterials/BaseFlattenNormalMap.uexp" 103
"../../../Engine/Content/EngineMaterials/BaseFlattenGrayscaleMap.uasset" 104
"../../../Engine/Content/EngineMaterials/BaseFlattenGrayscaleMap.uexp" 105
"../../../Engine/Content/EngineMaterials/BaseFlattenDiffuseMap.uasset" 106
"../../../Engine/Content/EngineMaterials/BaseFlattenDiffuseMap.uexp" 107
"../../../Engine/Content/Functions/Engine_MaterialFunctions02/PivotPainter2/Black_1x1_EXR_Texture.uasset" 108
"../../../Engine/Content/Functions/Engine_MaterialFunctions02/PivotPainter2/Black_1x1_EXR_Texture.uexp" 109
"../../../Engine/Content/EngineMaterials/BaseFlattenEmissiveMap.uasset" 110
"../../../Engine/Content/EngineMaterials/BaseFlattenEmissiveMap.uexp" 111
"../../../Engine/Content/EngineMaterials/BaseFlattenLinearColor.uasset" 112
"../../../Engine/Content/EngineMaterials/BaseFlattenLinearColor.uexp" 113
"../../../Engine/Content/EngineMaterials/FlattenMaterial.uasset" 114
"../../../Engine/Content/EngineMaterials/FlattenMaterial.uexp" 115
"../../../Engine/Content/EngineMaterials/DefaultWhiteGrid_Low.uasset" 116
"../../../Engine/Content/EngineMaterials/DefaultWhiteGrid_Low.uexp" 117
"../../../Engine/Content/EngineMaterials/EmissiveMeshMaterial.uasset" 118
"../../../Engine/Content/EngineMaterials/EmissiveMeshMaterial.uexp" 119
"../../../Engine/Content/EngineMaterials/DefaultWhiteGrid.uasset" 120
"../../../Engine/Content/EngineMaterials/DefaultWhiteGrid.uexp" 121
"../../../Engine/Content/EngineMaterials/DefaultTextMaterialOpaque.uasset" 122
"../../../Engine/Content/EngineMaterials/DefaultTextMaterialOpaque.uexp" 123
"../../../Engine/Content/EngineMaterials/DefaultDiffuse.uasset" 124
"../../../Engine/Content/EngineMaterials/DefaultDiffuse.uexp" 125
"../../../Engine/Content/Functions/Engine_MaterialFunctions02/Utility/BreakOutFloat2Components.uasset" 126
"../../../Engine/Content/Functions/Engine_MaterialFunctions02/Utility/BreakOutFloat2Components.uexp" 127
"../../../Engine/Content/EngineMaterials/DefaultPostProcessMaterial.uasset" 128
"../../../Engine/Content/EngineMaterials/DefaultPostProcessMaterial.uexp" 129
"../../../Engine/Content/EngineMaterials/DefaultPhysicalMaterial.uasset" 130
"../../../Engine/Content/EngineMaterials/DefaultPhysicalMaterial.uexp" 131
"../../../Engine/Content/EngineMaterials/DefaultLightFunctionMaterial.uasset" 132
"../../../Engine/Content/EngineMaterials/DefaultLightFunctionMaterial.uexp" 133
"../../../Engine/Content/EngineMaterials/DefaultDestructiblePhysicalMaterial.uasset" 134
"../../../Engine/Content/EngineMaterials/DefaultDestructiblePhysicalMaterial.uexp" 135
"../../../Engine/Content/EngineMaterials/DefaultDeferredDecalMaterial.uasset" 136
"../../../Engine/Content/EngineMaterials/DefaultDeferredDecalMaterial.uexp" 137
"../../../Engine/Content/EngineMaterials/DefaultBokeh.uasset" 138
"../../../Engine/Content/EngineMaterials/DefaultBokeh.uexp" 139
"../../../Engine/Content/EngineMaterials/DefaultBloomKernel.uasset" 140
"../../../Engine/Content/EngineMaterials/DefaultBloomKernel.uexp" 141
"../../../Engine/Content/EngineMaterials/BlueNoise.uasset" 142
"../../../Engine/Content/EngineMaterials/BlueNoise.uexp" 143
"../../../Engine/Content/EngineFonts/Faces/RobotoLight.uexp" 144
"../../../Engine/Content/EngineFonts/Faces/RobotoLight.uasset" 145
"../../../Engine/Content/EngineFonts/Faces/RobotoLight.ufont" 146
"../../../Engine/Content/EngineFonts/Faces/RobotoBold.uexp" 147
"../../../Engine/Content/EngineFonts/Faces/RobotoBold.uasset" 148
"../../../Engine/Content/EngineFonts/Faces/RobotoBold.ufont" 149
"../../../Engine/Content/EngineFonts/Faces/RobotoRegular.uexp" 150
"../../../Engine/Content/EngineFonts/Faces/RobotoRegular.uasset" 151
"../../../Engine/Content/EngineFonts/Faces/RobotoRegular.ufont" 152
"../../../Engine/Content/EngineFonts/Faces/DroidSansFallback.uexp" 153
"../../../Engine/Content/EngineFonts/Faces/DroidSansFallback.uasset" 154
"../../../Engine/Content/EngineFonts/Faces/DroidSansFallback.ufont" 155
"../../../Engine/Content/EngineFonts/Faces/RobotoItalic.uexp" 156
"../../../Engine/Content/EngineFonts/Faces/RobotoItalic.uasset" 157
"../../../Engine/Content/EngineFonts/Faces/RobotoItalic.ufont" 158
"../../../Engine/Content/EngineFonts/Faces/RobotoBoldItalic.uexp" 159
"../../../Engine/Content/EngineFonts/Faces/RobotoBoldItalic.uasset" 160
"../../../Engine/Content/EngineFonts/Faces/RobotoBoldItalic.ufont" 161
"../../../Engine/Content/Functions/Engine_MaterialFunctions02/Utility/CameraDirectionVector.uasset" 162
"../../../Engine/Content/Functions/Engine_MaterialFunctions02/Utility/CameraDirectionVector.uexp" 163
"../../../Engine/Content/EngineDebugMaterials/VolumeToRender.uasset" 164
"../../../Engine/Content/EngineDebugMaterials/VolumeToRender.uexp" 165
"../../../Engine/Content/EngineDebugMaterials/M_VolumeRenderSphereTracePP.uasset" 166
"../../../Engine/Content/EngineDebugMaterials/M_VolumeRenderSphereTracePP.uexp" 167
"../../../Engine/Content/EngineDebugMaterials/M_SimpleUnlitTranslucent.uasset" 168
"../../../Engine/Content/EngineDebugMaterials/M_SimpleUnlitTranslucent.uexp" 169
"../../../Engine/Content/EngineDebugMaterials/DebugMeshMaterial.uasset" 170
"../../../Engine/Content/EngineDebugMaterials/DebugMeshMaterial.uexp" 171
"../../../Engine/Content/EngineDebugMaterials/DebugEditorMaterial.uasset" 172
"../../../Engine/Content/EngineDebugMaterials/DebugEditorMaterial.uexp" 173
"../../../Engine/Content/EngineDamageTypes/DmgTypeBP_Environmental.uasset" 174
"../../../Engine/Content/EngineDamageTypes/DmgTypeBP_Environmental.uexp" 175
"../../../Engine/Content/EditorResources/S_TriggerSphere.uasset" 176
"../../../Engine/Content/EditorResources/S_TriggerSphere.uexp" 177
"../../../Engine/Content/EditorResources/S_TriggerCapsule.uasset" 178
"../../../Engine/Content/EditorResources/S_TriggerCapsule.uexp" 179
"../../../Engine/Content/EditorResources/S_TriggerBox.uasset" 180
"../../../Engine/Content/EditorResources/S_TriggerBox.uexp" 181
"../../../Engine/Content/EditorResources/S_Trigger.uasset" 182
"../../../Engine/Content/EditorResources/S_Trigger.uexp" 183
"../../../Engine/Content/EditorResources/S_Terrain.uasset" 184
"../../../Engine/Content/EditorResources/S_Terrain.uexp" 185
"../../../Engine/Content/EditorResources/S_Solver.uasset" 186
"../../../Engine/Content/EditorResources/S_Solver.uexp" 187
"../../../Engine/Content/EditorResources/S_BoxReflectionCapture.uasset" 188
"../../../Engine/Content/EditorResources/S_BoxReflectionCapture.uexp" 189
"../../../Engine/Content/EditorResources/S_Actor.uasset" 190
"../../../Engine/Content/EditorResources/S_Actor.uexp" 191
"../../../Engine/Content/EditorResources/EmptyActor.uasset" 192
"../../../Engine/Content/EditorResources/EmptyActor.uexp" 193
"../../../Engine/Content/EditorResources/BSPVertex.uasset" 194
"../../../Engine/Content/EditorResources/BSPVertex.uexp" 195
"../../../Engine/Content/EditorResources/SequenceRecorder/RecordingIndicator.uasset" 196
"../../../Engine/Content/EditorResources/SequenceRecorder/RecordingIndicator.uexp" 197
"../../../Engine/Content/EditorResources/SequenceRecorder/Countdown.uasset" 198
"../../../Engine/Content/EditorResources/SequenceRecorder/Countdown.uexp" 199
"../../../Engine/Content/EditorResources/LightIcons/S_LightError.uasset" 200
"../../../Engine/Content/EditorResources/LightIcons/S_LightError.uexp" 201
"../../../Engine/Content/EditorResources/AudioIcons/S_AudioComponent_AutoActivate.uasset" 202
"../../../Engine/Content/EditorResources/AudioIcons/S_AudioComponent_AutoActivate.uexp" 203
"../../../Engine/Content/EditorResources/AudioIcons/S_AudioComponent.uasset" 204
"../../../Engine/Content/EditorResources/AudioIcons/S_AudioComponent.uexp" 205
"../../../Engine/Content/EditorMaterials/Camera/CineMat.uasset" 206
"../../../Engine/Content/EditorMaterials/Camera/CineMat.uexp" 207
"../../../Engine/Content/EditorMaterials/Camera/MI_CineMat_Rig.uasset" 208
"../../../Engine/Content/EditorMaterials/Camera/MI_CineMat_Rig.uexp" 209
"../../../Engine/Content/EditorMeshes/Camera/SM_RailRig_Track.uasset" 210
"../../../Engine/Content/EditorMeshes/Camera/SM_RailRig_Track.uexp" 211
"../../../Engine/Content/EditorMeshes/Camera/SM_RailRig_Mount.uasset" 212
"../../../Engine/Content/EditorMeshes/Camera/SM_RailRig_Mount.uexp" 213
"../../../Engine/Content/EditorMeshes/Camera/SM_CraneRig_Mount.uasset" 214
"../../../Engine/Content/EditorMeshes/Camera/SM_CraneRig_Mount.uexp" 215
"../../../Engine/Content/EditorMeshes/Camera/SM_CraneRig_Body.uasset" 216
"../../../Engine/Content/EditorMeshes/Camera/SM_CraneRig_Body.uexp" 217
"../../../Engine/Content/EditorMeshes/Camera/SM_CraneRig_Base.uasset" 218
"../../../Engine/Content/EditorMeshes/Camera/SM_CraneRig_Base.uexp" 219
"../../../Engine/Content/EditorMeshes/Camera/SM_CraneRig_Arm.uasset" 220
"../../../Engine/Content/EditorMeshes/Camera/SM_CraneRig_Arm.uexp" 221
"../../../Engine/Content/EditorMaterials/PreviewShadowIndicator.uasset" 222
"../../../Engine/Content/EditorMaterials/PreviewShadowIndicator.uexp" 223
"../../../Engine/Content/EditorMaterials/PreviewShadowIndicatorMaterial.uasset" 224
"../../../Engine/Content/EditorMaterials/PreviewShadowIndicatorMaterial.uexp" 225
"../../../Engine/Content/EditorMaterials/MAT_Groups_Visibility.uasset" 226
"../../../Engine/Content/EditorMaterials/MAT_Groups_Visibility.uexp" 227
"../../../Engine/Content/EditorMaterials/MAT_Groups_Toggle.uasset" 228
"../../../Engine/Content/EditorMaterials/MAT_Groups_Toggle.uexp" 229
"../../../Engine/Content/Functions/Engine_MaterialFunctions02/Utility/MakeFloat4.uasset" 230
"../../../Engine/Content/Functions/Engine_MaterialFunctions02/Utility/MakeFloat4.uexp" 231
"../../../Engine/Content/Functions/Engine_MaterialFunctions02/Utility/MakeFloat3.uasset" 232
"../../../Engine/Content/Functions/Engine_MaterialFunctions02/Utility/MakeFloat3.uexp" 233
"../../../Engine/Content/Functions/Engine_MaterialFunctions02/Utility/BreakOutFloat3Components.uasset" 234
"../../../Engine/Content/Functions/Engine_MaterialFunctions02/Utility/BreakOutFloat3Components.uexp" 235
"../../../Engine/Content/EditorMaterials/WorldPartition/WorldPartitionSpatialHashGridPreviewMaterial.uasset" 236
"../../../Engine/Content/EditorMaterials/WorldPartition/WorldPartitionSpatialHashGridPreviewMaterial.uexp" 237
"../../../Engine/Content/EditorMaterials/ParticleSystems/PSysThumbnail_OOD.uasset" 238
"../../../Engine/Content/EditorMaterials/ParticleSystems/PSysThumbnail_OOD.uexp" 239
"../../../Engine/Content/EditorMaterials/ParticleSystems/PSysThumbnail_NoImage.uasset" 240
"../../../Engine/Content/EditorMaterials/ParticleSystems/PSysThumbnail_NoImage.uexp" 241
"../../../Engine/Content/EditorMaterials/MatineeGroups/MAT_Groups_Vector.uasset" 242
"../../../Engine/Content/EditorMaterials/MatineeGroups/MAT_Groups_Vector.uexp" 243
"../../../Engine/Content/EditorMaterials/MatineeGroups/MAT_Groups_Sound.uasset" 244
"../../../Engine/Content/EditorMaterials/MatineeGroups/MAT_Groups_Sound.uexp" 245
"../../../Engine/Content/EditorMaterials/MatineeGroups/MAT_Groups_Slomo.uasset" 246
"../../../Engine/Content/EditorMaterials/MatineeGroups/MAT_Groups_Slomo.uexp" 247
"../../../Engine/Content/EditorMaterials/MatineeGroups/MAT_Groups_Move.uasset" 248
"../../../Engine/Content/EditorMaterials/MatineeGroups/MAT_Groups_Move.uexp" 249
"../../../Engine/Content/EditorMaterials/MatineeGroups/MAT_Groups_Float.uasset" 250
"../../../Engine/Content/EditorMaterials/MatineeGroups/MAT_Groups_Float.uexp" 251
"../../../Engine/Content/EditorMaterials/MatineeGroups/MAT_Groups_Fade.uasset" 252
"../../../Engine/Content/EditorMaterials/MatineeGroups/MAT_Groups_Fade.uexp" 253
"../../../Engine/Content/EditorMaterials/MatineeGroups/MAT_Groups_Event.uasset" 254
"../../../Engine/Content/EditorMaterials/MatineeGroups/MAT_Groups_Event.uexp" 255
"../../../Engine/Content/EditorMaterials/MatineeGroups/MAT_Groups_Director.uasset" 256
"../../../Engine/Content/EditorMaterials/MatineeGroups/MAT_Groups_Director.uexp" 257
"../../../Engine/Content/EditorMaterials/MatineeGroups/MAT_Groups_AudioMaster.uasset" 258
"../../../Engine/Content/EditorMaterials/MatineeGroups/MAT_Groups_AudioMaster.uexp" 259
"../../../Engine/Content/EditorMaterials/MatineeGroups/MAT_Groups_Anim.uasset" 260
"../../../Engine/Content/EditorMaterials/MatineeGroups/MAT_Groups_Anim.uexp" 261
"../../../Engine/Content/EditorMaterials/MatineeGroups/MAT_ColorTrack.uasset" 262
"../../../Engine/Content/EditorMaterials/MatineeGroups/MAT_ColorTrack.uexp" 263
"../../../Engine/Content/EditorLandscapeResources/DefaultAlphaTexture.uasset" 264
"../../../Engine/Content/EditorLandscapeResources/DefaultAlphaTexture.uexp" 265
"../../../Engine/Content/EditorLandscapeResources/DataLayer.uasset" 266
"../../../Engine/Content/EditorLandscapeResources/DataLayer.uexp" 267
"../../../Engine/Content/EngineMaterials/T_Default_Material_Grid_M.uasset" 268
"../../../Engine/Content/EngineMaterials/T_Default_Material_Grid_M.uexp" 269
"../../../Engine/Content/EngineMaterials/T_Default_Material_Grid_N.uasset" 270
"../../../Engine/Content/EngineMaterials/T_Default_Material_Grid_N.uexp" 271
"../../../Engine/Content/Functions/Engine_MaterialFunctions01/Opacity/CameraDepthFade.uasset" 272
"../../../Engine/Content/Functions/Engine_MaterialFunctions01/Opacity/CameraDepthFade.uexp" 273
"../../../Engine/Content/EngineMaterials/DefaultMaterial.uasset" 274
"../../../Engine/Content/EngineMaterials/DefaultMaterial.uexp" 275
"../../../Engine/Content/BasicShapes/Sphere.uasset" 276
"../../../Engine/Content/BasicShapes/Sphere.uexp" 277
"../../../Engine/Content/EngineMaterials/WorldGridMaterial.uasset" 278
"../../../Engine/Content/EngineMaterials/WorldGridMaterial.uexp" 279
"../../../Engine/Content/BasicShapes/Plane.uasset" 280
"../../../Engine/Content/BasicShapes/Plane.uexp" 281
"../../../Engine/Content/BasicShapes/Cylinder.uasset" 282
"../../../Engine/Content/BasicShapes/Cylinder.uexp" 283
"../../../Engine/Content/BasicShapes/Cube.uasset" 284
"../../../Engine/Content/BasicShapes/Cube.uexp" 285
"../../../Engine/Content/BasicShapes/Cone.uasset" 286
"../../../Engine/Content/BasicShapes/Cone.uexp" 287
"../../../Engine/Content/ArtTools/RenderToTexture/Meshes/S_1_Unit_Plane.uasset" 288
"../../../Engine/Content/ArtTools/RenderToTexture/Meshes/S_1_Unit_Plane.uexp" 289
"../../../Engine/Content/MobileResources/HUD/VirtualJoystick_Background.uasset" 290
"../../../Engine/Content/MobileResources/HUD/VirtualJoystick_Background.uexp" 291
"../../../Engine/Content/MobileResources/HUD/VirtualJoystick_Thumb.uasset" 292
"../../../Engine/Content/MobileResources/HUD/VirtualJoystick_Thumb.uexp" 293
"../../../Engine/Content/MobileResources/HUD/DefaultVirtualJoysticks.uasset" 294
"../../../Engine/Content/MobileResources/HUD/DefaultVirtualJoysticks.uexp" 295
"../../../Engine/Content/Tutorial/ContentIntroCurve.uasset" 296
"../../../Engine/Content/Tutorial/ContentIntroCurve.uexp" 297
"../../../Engine/Content/VREditor/TransformGizmo/Main.uasset" 298
"../../../Engine/Content/VREditor/TransformGizmo/Main.uexp" 299
"../../../Engine/Content/VREditor/TransformGizmo/Xray.uasset" 300
"../../../Engine/Content/VREditor/TransformGizmo/Xray.uexp" 301
"../../../Engine/Content/VREditor/TransformGizmo/SM_Sequencer_Node.uasset" 302
"../../../Engine/Content/VREditor/TransformGizmo/SM_Sequencer_Node.uexp" 303
"../../../Engine/Content/VREditor/LaserPointer/VR_LaserPower_01.uasset" 304
"../../../Engine/Content/VREditor/LaserPointer/VR_LaserPower_01.uexp" 305
"../../../Engine/Content/VREditor/TransformGizmo/TransformGizmoMaterial.uasset" 306
"../../../Engine/Content/VREditor/TransformGizmo/TransformGizmoMaterial.uexp" 307
"../../../Engine/Content/VREditor/TransformGizmo/TranslucentTransformGizmoMaterial.uasset" 308
"../../../Engine/Content/VREditor/TransformGizmo/TranslucentTransformGizmoMaterial.uexp" 309
"../../../Engine/Content/VREditor/TransformGizmo/PlaneTranslationHandle.uasset" 310
"../../../Engine/Content/VREditor/TransformGizmo/PlaneTranslationHandle.uexp" 311
"../../../Engine/Content/VREditor/TransformGizmo/BoundingBoxEdge.uasset" 312
"../../../Engine/Content/VREditor/TransformGizmo/BoundingBoxEdge.uexp" 313
"../../../Engine/Content/VREditor/TransformGizmo/BoundingBoxCorner.uasset" 314
"../../../Engine/Content/VREditor/TransformGizmo/BoundingBoxCorner.uexp" 315
"../../../Engine/Plugins/2D/Paper2D/Content/PlaceholderTextures/DummySpriteTexture.uasset" 316
"../../../Engine/Plugins/2D/Paper2D/Content/PlaceholderTextures/DummySpriteTexture.uexp" 317
"../../../Engine/Plugins/2D/Paper2D/Content/DefaultSpriteMaterial.uasset" 318
"../../../Engine/Plugins/2D/Paper2D/Content/DefaultSpriteMaterial.uexp" 319
"../../../Engine/Plugins/2D/Paper2D/Content/OpaqueUnlitSpriteMaterial.uasset" 320
"../../../Engine/Plugins/2D/Paper2D/Content/OpaqueUnlitSpriteMaterial.uexp" 321
"../../../Engine/Plugins/2D/Paper2D/Content/MaskedUnlitSpriteMaterial.uasset" 322
"../../../Engine/Plugins/2D/Paper2D/Content/MaskedUnlitSpriteMaterial.uexp" 323
"../../../Engine/Plugins/2D/Paper2D/Content/DummySprite.uasset" 324
"../../../Engine/Plugins/2D/Paper2D/Content/DummySprite.uexp" 325
"../../../Engine/Plugins/2D/Paper2D/Content/DefaultPaperTerrainMaterial.uasset" 326
"../../../Engine/Plugins/2D/Paper2D/Content/DefaultPaperTerrainMaterial.uexp" 327
"../../../Engine/Plugins/Editor/SpeedTreeImporter/Content/SpeedTree9/game_wind_noise.uasset" 328
"../../../Engine/Plugins/Editor/SpeedTreeImporter/Content/SpeedTree9/game_wind_noise.uexp" 329
"../../../Engine/Plugins/Editor/SpeedTreeImporter/Content/SpeedTree9/UnpackDirection.uasset" 330
"../../../Engine/Plugins/Editor/SpeedTreeImporter/Content/SpeedTree9/UnpackDirection.uexp" 331
"../../../Engine/Content/Functions/Engine_MaterialFunctions02/ObjectLocalBounds.uasset" 332
"../../../Engine/Content/Functions/Engine_MaterialFunctions02/ObjectLocalBounds.uexp" 333
"../../../Engine/Content/Functions/Engine_MaterialFunctions02/UVs/BoundingBoxBased_0-1_UVW.uasset" 334
"../../../Engine/Content/Functions/Engine_MaterialFunctions02/UVs/BoundingBoxBased_0-1_UVW.uexp" 335
"../../../Engine/Content/Functions/Engine_MaterialFunctions02/Utility/VectorLength.uasset" 336
"../../../Engine/Content/Functions/Engine_MaterialFunctions02/Utility/VectorLength.uexp" 337
"../../../Engine/Plugins/Editor/SpeedTreeImporter/Content/SpeedTree9/UnpackInteger3.uasset" 338
"../../../Engine/Plugins/Editor/SpeedTreeImporter/Content/SpeedTree9/UnpackInteger3.uexp" 339
"../../../Engine/Plugins/Editor/SpeedTreeImporter/Content/SpeedTree9/SpeedTreeCameraFacing.uasset" 340
"../../../Engine/Plugins/Editor/SpeedTreeImporter/Content/SpeedTree9/SpeedTreeCameraFacing.uexp" 341
"../../../Engine/Content/Functions/Engine_MaterialFunctions02/WorldPositionOffset/ObjectScale.uasset" 342
"../../../Engine/Content/Functions/Engine_MaterialFunctions02/WorldPositionOffset/ObjectScale.uexp" 343
"../../../Engine/Content/Functions/Engine_MaterialFunctions02/SafeNormalize.uasset" 344
"../../../Engine/Content/Functions/Engine_MaterialFunctions02/SafeNormalize.uexp" 345
"../../../Engine/Plugins/Editor/SpeedTreeImporter/Content/SpeedTree9/SpeedTreeWindMotion.uasset" 346
"../../../Engine/Plugins/Editor/SpeedTreeImporter/Content/SpeedTree9/SpeedTreeWindMotion.uexp" 347
"../../../Engine/Plugins/Editor/SpeedTreeImporter/Content/SpeedTree9/SpeedTreeBranchMotion.uasset" 348
"../../../Engine/Plugins/Editor/SpeedTreeImporter/Content/SpeedTree9/SpeedTreeBranchMotion.uexp" 349
"../../../Engine/Plugins/Editor/SpeedTreeImporter/Content/SpeedTree9/SpeedTreeWind.uasset" 350
"../../../Engine/Plugins/Editor/SpeedTreeImporter/Content/SpeedTree9/SpeedTreeWind.uexp" 351
"../../../Engine/Plugins/Editor/SpeedTreeImporter/Content/SpeedTree9/EmptyNormal.uasset" 352
"../../../Engine/Plugins/Editor/SpeedTreeImporter/Content/SpeedTree9/EmptyNormal.uexp" 353
"../../../Engine/Plugins/Editor/SpeedTreeImporter/Content/SpeedTree9/Empty.uasset" 354
"../../../Engine/Plugins/Editor/SpeedTreeImporter/Content/SpeedTree9/Empty.uexp" 355
"../../../Engine/Plugins/Editor/SpeedTreeImporter/Content/SpeedTree9/SpeedTreeMaster.uasset" 356
"../../../Engine/Plugins/Editor/SpeedTreeImporter/Content/SpeedTree9/SpeedTreeMaster.uexp" 357
"../../../Engine/Plugins/Editor/SpeedTreeImporter/Content/SpeedTree9/SpeedTreeBillboard.uasset" 358
"../../../Engine/Plugins/Editor/SpeedTreeImporter/Content/SpeedTree9/SpeedTreeBillboard.uexp" 359
"../../../Engine/Plugins/Editor/SpeedTreeImporter/Content/SpeedTree9/SpeedTreeBillboardMaster.uasset" 360
"../../../Engine/Plugins/Editor/SpeedTreeImporter/Content/SpeedTree9/SpeedTreeBillboardMaster.uexp" 361
"../../../Engine/Plugins/Animation/ControlRig/Content/M_Manip.uasset" 362
"../../../Engine/Plugins/Animation/ControlRig/Content/M_Manip.uexp" 363
"../../../Engine/Plugins/Animation/ControlRig/Content/Controls/DefaultGizmoLibraryNormalized.uasset" 364
"../../../Engine/Plugins/Animation/ControlRig/Content/Controls/DefaultGizmoLibraryNormalized.uexp" 365
"../../../Engine/Plugins/Animation/ControlRig/Content/Controls/ControlRig_Wedge_solid.uasset" 366
"../../../Engine/Plugins/Animation/ControlRig/Content/Controls/ControlRig_Wedge_solid.uexp" 367
"../../../Engine/Plugins/Animation/ControlRig/Content/Controls/ControlRig_Wedge_3mm.uasset" 368
"../../../Engine/Plugins/Animation/ControlRig/Content/Controls/ControlRig_Wedge_3mm.uexp" 369
"../../../Engine/Plugins/Animation/ControlRig/Content/Controls/ControlRig_Wedge_1mm.uasset" 370
"../../../Engine/Plugins/Animation/ControlRig/Content/Controls/ControlRig_Wedge_1mm.uexp" 371
"../../../Engine/Plugins/Animation/ControlRig/Content/Controls/ControlRig_Triangle_solid.uasset" 372
"../../../Engine/Plugins/Animation/ControlRig/Content/Controls/ControlRig_Triangle_solid.uexp" 373
"../../../Engine/Plugins/Animation/ControlRig/Content/Controls/ControlRig_Triangle_3mm.uasset" 374
"../../../Engine/Plugins/Animation/ControlRig/Content/Controls/ControlRig_Triangle_3mm.uexp" 375
"../../../Engine/Plugins/Animation/ControlRig/Content/Controls/ControlRig_Triangle_1mm.uasset" 376
"../../../Engine/Plugins/Animation/ControlRig/Content/Controls/ControlRig_Triangle_1mm.uexp" 377
"../../../Engine/Plugins/Animation/ControlRig/Content/Controls/ControlRig_Star4_solid.uasset" 378
"../../../Engine/Plugins/Animation/ControlRig/Content/Controls/ControlRig_Star4_solid.uexp" 379
"../../../Engine/Plugins/Animation/ControlRig/Content/Controls/ControlRig_Star4_3mm.uasset" 380
"../../../Engine/Plugins/Animation/ControlRig/Content/Controls/ControlRig_Star4_3mm.uexp" 381
"../../../Engine/Plugins/Animation/ControlRig/Content/Controls/ControlRig_Star4_1mm.uasset" 382
"../../../Engine/Plugins/Animation/ControlRig/Content/Controls/ControlRig_Star4_1mm.uexp" 383
"../../../Engine/Plugins/Animation/ControlRig/Content/Controls/ControlRig_Square_solid.uasset" 384
"../../../Engine/Plugins/Animation/ControlRig/Content/Controls/ControlRig_Square_solid.uexp" 385
"../../../Engine/Plugins/Animation/ControlRig/Content/Controls/ControlRig_Square_3mm.uasset" 386
"../../../Engine/Plugins/Animation/ControlRig/Content/Controls/ControlRig_Square_3mm.uexp" 387
"../../../Engine/Plugins/Animation/ControlRig/Content/Controls/ControlRig_Square_1mm.uasset" 388
"../../../Engine/Plugins/Animation/ControlRig/Content/Controls/ControlRig_Square_1mm.uexp" 389
"../../../Engine/Plugins/Animation/ControlRig/Content/Controls/ControlRig_Sphere_solid.uasset" 390
"../../../Engine/Plugins/Animation/ControlRig/Content/Controls/ControlRig_Sphere_solid.uexp" 391
"../../../Engine/Plugins/Animation/ControlRig/Content/Controls/ControlRig_Sphere_3mm.uasset" 392
"../../../Engine/Plugins/Animation/ControlRig/Content/Controls/ControlRig_Sphere_3mm.uexp" 393
"../../../Engine/Plugins/Animation/ControlRig/Content/Controls/ControlRig_Sphere_1mm.uasset" 394
"../../../Engine/Plugins/Animation/ControlRig/Content/Controls/ControlRig_Sphere_1mm.uexp" 395
"../../../Engine/Plugins/Animation/ControlRig/Content/Controls/ControlRig_RoundedTriangle_solid.uasset" 396
"../../../Engine/Plugins/Animation/ControlRig/Content/Controls/ControlRig_RoundedTriangle_solid.uexp" 397
"../../../Engine/Plugins/Animation/ControlRig/Content/Controls/ControlRig_RoundedTriangle_3mm.uasset" 398
"../../../Engine/Plugins/Animation/ControlRig/Content/Controls/ControlRig_RoundedTriangle_3mm.uexp" 399
"../../../Engine/Plugins/Animation/ControlRig/Content/Controls/ControlRig_RoundedTriangle_1mm.uasset" 400
"../../../Engine/Plugins/Animation/ControlRig/Content/Controls/ControlRig_RoundedTriangle_1mm.uexp" 401
"../../../Engine/Plugins/Animation/ControlRig/Content/Controls/ControlRig_RoundedSquare_solid.uasset" 402
"../../../Engine/Plugins/Animation/ControlRig/Content/Controls/ControlRig_RoundedSquare_solid.uexp" 403
"../../../Engine/Plugins/Animation/ControlRig/Content/Controls/ControlRig_RoundedSquare_3mm.uasset" 404
"../../../Engine/Plugins/Animation/ControlRig/Content/Controls/ControlRig_RoundedSquare_3mm.uexp" 405
"../../../Engine/Plugins/Animation/ControlRig/Content/Controls/ControlRig_RoundedSquare_1mm.uasset" 406
"../../../Engine/Plugins/Animation/ControlRig/Content/Controls/ControlRig_RoundedSquare_1mm.uexp" 407
"../../../Engine/Plugins/Animation/ControlRig/Content/Controls/ControlRig_QuarterCircle_solid.uasset" 408
"../../../Engine/Plugins/Animation/ControlRig/Content/Controls/ControlRig_QuarterCircle_solid.uexp" 409
"../../../Engine/Plugins/Animation/ControlRig/Content/Controls/ControlRig_QuarterCircle_3mm.uasset" 410
"../../../Engine/Plugins/Animation/ControlRig/Content/Controls/ControlRig_QuarterCircle_3mm.uexp" 411
"../../../Engine/Plugins/Animation/ControlRig/Content/Controls/ControlRig_QuarterCircle_1mm.uasset" 412
"../../../Engine/Plugins/Animation/ControlRig/Content/Controls/ControlRig_QuarterCircle_1mm.uexp" 413
"../../../Engine/Plugins/Animation/ControlRig/Content/Controls/ControlRig_Pyramid_solid.uasset" 414
"../../../Engine/Plugins/Animation/ControlRig/Content/Controls/ControlRig_Pyramid_solid.uexp" 415
"../../../Engine/Plugins/Animation/ControlRig/Content/Controls/ControlRig_Pyramid_3mm.uasset" 416
"../../../Engine/Plugins/Animation/ControlRig/Content/Controls/ControlRig_Pyramid_3mm.uexp" 417
"../../../Engine/Plugins/Animation/ControlRig/Content/Controls/ControlRig_Pyramid_1mm.uasset" 418
"../../../Engine/Plugins/Animation/ControlRig/Content/Controls/ControlRig_Pyramid_1mm.uexp" 419
"../../../Engine/Plugins/Animation/ControlRig/Content/Controls/ControlRig_Octagon_solid.uasset" 420
"../../../Engine/Plugins/Animation/ControlRig/Content/Controls/ControlRig_Octagon_solid.uexp" 421
"../../../Engine/Plugins/Animation/ControlRig/Content/Controls/ControlRig_Octagon_3mm.uasset" 422
"../../../Engine/Plugins/Animation/ControlRig/Content/Controls/ControlRig_Octagon_3mm.uexp" 423
"../../../Engine/Plugins/Animation/ControlRig/Content/Controls/ControlRig_Octagon_1mm.uasset" 424
"../../../Engine/Plugins/Animation/ControlRig/Content/Controls/ControlRig_Octagon_1mm.uexp" 425
"../../../Engine/Plugins/Animation/ControlRig/Content/Controls/ControlRig_Hexagon_solid.uasset" 426
"../../../Engine/Plugins/Animation/ControlRig/Content/Controls/ControlRig_Hexagon_solid.uexp" 427
"../../../Engine/Plugins/Animation/ControlRig/Content/Controls/ControlRig_Hexagon_3mm.uasset" 428
"../../../Engine/Plugins/Animation/ControlRig/Content/Controls/ControlRig_Hexagon_3mm.uexp" 429
"../../../Engine/Plugins/Animation/ControlRig/Content/Controls/ControlRig_Hexagon_1mm.uasset" 430
"../../../Engine/Plugins/Animation/ControlRig/Content/Controls/ControlRig_Hexagon_1mm.uexp" 431
"../../../Engine/Plugins/Animation/ControlRig/Content/Controls/ControlRig_HalfCircle_solid.uasset" 432
"../../../Engine/Plugins/Animation/ControlRig/Content/Controls/ControlRig_HalfCircle_solid.uexp" 433
"../../../Engine/Plugins/Animation/ControlRig/Content/Controls/ControlRig_HalfCircle_3mm.uasset" 434
"../../../Engine/Plugins/Animation/ControlRig/Content/Controls/ControlRig_HalfCircle_3mm.uexp" 435
"../../../Engine/Plugins/Animation/ControlRig/Content/Controls/ControlRig_HalfCircle_1mm.uasset" 436
"../../../Engine/Plugins/Animation/ControlRig/Content/Controls/ControlRig_HalfCircle_1mm.uexp" 437
"../../../Engine/Plugins/Animation/ControlRig/Content/Controls/ControlRig_Diamond_solid.uasset" 438
"../../../Engine/Plugins/Animation/ControlRig/Content/Controls/ControlRig_Diamond_solid.uexp" 439
"../../../Engine/Plugins/Animation/ControlRig/Content/Controls/ControlRig_Diamond_3mm.uasset" 440
"../../../Engine/Plugins/Animation/ControlRig/Content/Controls/ControlRig_Diamond_3mm.uexp" 441
"../../../Engine/Plugins/Animation/ControlRig/Content/Controls/ControlRig_Diamond_1mm.uasset" 442
"../../../Engine/Plugins/Animation/ControlRig/Content/Controls/ControlRig_Diamond_1mm.uexp" 443
"../../../Engine/Plugins/Animation/ControlRig/Content/Controls/ControlRig_Circle_solid.uasset" 444
"../../../Engine/Plugins/Animation/ControlRig/Content/Controls/ControlRig_Circle_solid.uexp" 445
"../../../Engine/Plugins/Animation/ControlRig/Content/Controls/ControlRig_Circle_3mm.uasset" 446
"../../../Engine/Plugins/Animation/ControlRig/Content/Controls/ControlRig_Circle_3mm.uexp" 447
"../../../Engine/Plugins/Animation/ControlRig/Content/Controls/ControlRig_Circle_1mm.uasset" 448
"../../../Engine/Plugins/Animation/ControlRig/Content/Controls/ControlRig_Circle_1mm.uexp" 449
"../../../Engine/Plugins/Animation/ControlRig/Content/Controls/ControlRig_Box_solid.uasset" 450
"../../../Engine/Plugins/Animation/ControlRig/Content/Controls/ControlRig_Box_solid.uexp" 451
"../../../Engine/Plugins/Animation/ControlRig/Content/Controls/ControlRig_Box_3mm.uasset" 452
"../../../Engine/Plugins/Animation/ControlRig/Content/Controls/ControlRig_Box_3mm.uexp" 453
"../../../Engine/Plugins/Animation/ControlRig/Content/Controls/ControlRig_Box_1mm.uasset" 454
"../../../Engine/Plugins/Animation/ControlRig/Content/Controls/ControlRig_Box_1mm.uexp" 455
"../../../Engine/Plugins/Animation/ControlRig/Content/Controls/ControlRig_Arrow_solid.uasset" 456
"../../../Engine/Plugins/Animation/ControlRig/Content/Controls/ControlRig_Arrow_solid.uexp" 457
"../../../Engine/Plugins/Animation/ControlRig/Content/Controls/ControlRig_Arrow_3mm.uasset" 458
"../../../Engine/Plugins/Animation/ControlRig/Content/Controls/ControlRig_Arrow_3mm.uexp" 459
"../../../Engine/Plugins/Animation/ControlRig/Content/Controls/ControlRig_Arrow_1mm.uasset" 460
"../../../Engine/Plugins/Animation/ControlRig/Content/Controls/ControlRig_Arrow_1mm.uexp" 461
"../../../Engine/Plugins/Animation/ControlRig/Content/Controls/ControlRig_Arrow4_solid.uasset" 462
"../../../Engine/Plugins/Animation/ControlRig/Content/Controls/ControlRig_Arrow4_solid.uexp" 463
"../../../Engine/Plugins/Animation/ControlRig/Content/Controls/ControlRig_Arrow4_3mm.uasset" 464
"../../../Engine/Plugins/Animation/ControlRig/Content/Controls/ControlRig_Arrow4_3mm.uexp" 465
"../../../Engine/Plugins/Animation/ControlRig/Content/Controls/ControlRig_Arrow4_1mm.uasset" 466
"../../../Engine/Plugins/Animation/ControlRig/Content/Controls/ControlRig_Arrow4_1mm.uexp" 467
"../../../Engine/Plugins/Animation/ControlRig/Content/Controls/ControlRig_Arrow2_solid.uasset" 468
"../../../Engine/Plugins/Animation/ControlRig/Content/Controls/ControlRig_Arrow2_solid.uexp" 469
"../../../Engine/Plugins/Animation/ControlRig/Content/Controls/ControlRig_Arrow2_3mm.uasset" 470
"../../../Engine/Plugins/Animation/ControlRig/Content/Controls/ControlRig_Arrow2_3mm.uexp" 471
"../../../Engine/Plugins/Animation/ControlRig/Content/Controls/ControlRig_Arrow2_1mm.uasset" 472
"../../../Engine/Plugins/Animation/ControlRig/Content/Controls/ControlRig_Arrow2_1mm.uexp" 473
"../../../Engine/Plugins/Animation/ControlRig/Content/Controls/ControlRigGizmoMaterial.uasset" 474
"../../../Engine/Plugins/Animation/ControlRig/Content/Controls/ControlRigGizmoMaterial.uexp" 475
"../../../Engine/Plugins/Runtime/HairStrands/Content/Materials/HairMeshesDefaultMaterial.uasset" 476
"../../../Engine/Plugins/Runtime/HairStrands/Content/Materials/HairMeshesDefaultMaterial.uexp" 477
"../../../Engine/Plugins/Runtime/HairStrands/Content/Materials/HairDefaultMaterial.uasset" 478
"../../../Engine/Plugins/Runtime/HairStrands/Content/Materials/HairDefaultMaterial.uexp" 479
"../../../Engine/Plugins/Runtime/HairStrands/Content/Materials/HairGroupColors.uasset" 480
"../../../Engine/Plugins/Runtime/HairStrands/Content/Materials/HairGroupColors.uexp" 481
"../../../Engine/Content/EngineMaterials/HairColorMap.uasset" 482
"../../../Engine/Content/EngineMaterials/HairColorMap.uexp" 483
"../../../Engine/Content/EngineMaterials/HairDebugColor.uasset" 484
"../../../Engine/Content/EngineMaterials/HairDebugColor.uexp" 485
"../../../Engine/Plugins/Runtime/HairStrands/Content/Materials/HairDebugMaterial.uasset" 486
"../../../Engine/Plugins/Runtime/HairStrands/Content/Materials/HairDebugMaterial.uexp" 487
"../../../Engine/Plugins/Runtime/HairStrands/Content/Materials/HairCardsDefaultMaterial.uasset" 488
"../../../Engine/Plugins/Runtime/HairStrands/Content/Materials/HairCardsDefaultMaterial.uexp" 489
"../../../Engine/Content/Animation/DefaultAnimCurveCompressionSettings.uasset" 490
"../../../Engine/Content/Animation/DefaultAnimCurveCompressionSettings.uexp" 491
"../../../Engine/Content/Animation/DefaultAnimBoneCompressionSettings.uasset" 492
"../../../Engine/Content/Animation/DefaultAnimBoneCompressionSettings.uexp" 493
"E:/UE5/projects/WorkingTitleTest/Content/FirstPersonArms/Character/Mesh/SK_Mannequin_Arms_Skeleton.uasset" 494
"E:/UE5/projects/WorkingTitleTest/Content/FirstPersonArms/Character/Mesh/SK_Mannequin_Arms_Skeleton.uexp" 495
"E:/UE5/projects/WorkingTitleTest/Content/FirstPersonArms/Animations/FirstPerson_Fire.uasset" 496
"E:/UE5/projects/WorkingTitleTest/Content/FirstPersonArms/Animations/FirstPerson_Fire.uexp" 497
"E:/UE5/projects/WorkingTitleTest/Content/FirstPersonArms/Animations/FirstPersonFire_Montage.uasset" 498
"E:/UE5/projects/WorkingTitleTest/Content/FirstPersonArms/Animations/FirstPersonFire_Montage.uexp" 499
"E:/UE5/projects/WorkingTitleTest/Content/FPWeapon/Mesh/SK_FPGun_Skeleton.uasset" 500
"E:/UE5/projects/WorkingTitleTest/Content/FPWeapon/Mesh/SK_FPGun_Skeleton.uexp" 501
"E:/UE5/projects/WorkingTitleTest/Content/FPWeapon/Materials/MaterialLayers/T_ML_Rubber_Blue_01_D.uasset" 502
"E:/UE5/projects/WorkingTitleTest/Content/FPWeapon/Materials/MaterialLayers/T_ML_Rubber_Blue_01_D.uexp" 503
"E:/UE5/projects/WorkingTitleTest/Content/FPWeapon/Textures/T_FPGun_N.uasset" 504
"E:/UE5/projects/WorkingTitleTest/Content/FPWeapon/Textures/T_FPGun_N.uexp" 505
"../../../Engine/Content/Functions/Engine_MaterialFunctions02/Utility/BlendAngleCorrectedNormals.uasset" 506
"../../../Engine/Content/Functions/Engine_MaterialFunctions02/Utility/BlendAngleCorrectedNormals.uexp" 507
"../../../Engine/Content/Functions/MaterialLayerFunctions/MatLayerBlend_NormalBlend.uasset" 508
"../../../Engine/Content/Functions/MaterialLayerFunctions/MatLayerBlend_NormalBlend.uexp" 509
"E:/UE5/projects/WorkingTitleTest/Content/FPWeapon/Materials/MaterialLayers/T_ML_Rubber_Blue_01_N.uasset" 510
"E:/UE5/projects/WorkingTitleTest/Content/FPWeapon/Materials/MaterialLayers/T_ML_Rubber_Blue_01_N.uexp" 511
"E:/UE5/projects/WorkingTitleTest/Content/FPWeapon/Materials/MaterialLayers/ML_Screen.uasset" 512
"E:/UE5/projects/WorkingTitleTest/Content/FPWeapon/Materials/MaterialLayers/ML_Screen.uexp" 513
"E:/UE5/projects/WorkingTitleTest/Content/FPWeapon/Materials/MaterialLayers/T_ML_Aluminum01_N.uasset" 514
"E:/UE5/projects/WorkingTitleTest/Content/FPWeapon/Materials/MaterialLayers/T_ML_Aluminum01_N.uexp" 515
"E:/UE5/projects/WorkingTitleTest/Content/FPWeapon/Materials/MaterialLayers/T_ML_Aluminum01.uasset" 516
"E:/UE5/projects/WorkingTitleTest/Content/FPWeapon/Materials/MaterialLayers/T_ML_Aluminum01.uexp" 517
"E:/UE5/projects/WorkingTitleTest/Content/FPWeapon/Materials/MaterialLayers/ML_SoftMetal_UE4.uasset" 518
"E:/UE5/projects/WorkingTitleTest/Content/FPWeapon/Materials/MaterialLayers/ML_SoftMetal_UE4.uexp" 519
"../../../Engine/Content/Functions/MaterialLayerFunctions/MatLayerBlend_Simple.uasset" 520
"../../../Engine/Content/Functions/MaterialLayerFunctions/MatLayerBlend_Simple.uexp" 521
"E:/UE5/projects/WorkingTitleTest/Content/FPWeapon/Textures/T_FPGun_M.uasset" 522
"E:/UE5/projects/WorkingTitleTest/Content/FPWeapon/Textures/T_FPGun_M.uexp" 523
"E:/UE5/projects/WorkingTitleTest/Content/FPWeapon/Materials/MaterialLayers/ML_Plastic_Shiny_Beige.uasset" 524
"E:/UE5/projects/WorkingTitleTest/Content/FPWeapon/Materials/MaterialLayers/ML_Plastic_Shiny_Beige.uexp" 525
"E:/UE5/projects/WorkingTitleTest/Content/FPWeapon/Materials/MaterialLayers/ML_GlossyBlack_Latex_UE4.uasset" 526
"E:/UE5/projects/WorkingTitleTest/Content/FPWeapon/Materials/MaterialLayers/ML_GlossyBlack_Latex_UE4.uexp" 527
"E:/UE5/projects/WorkingTitleTest/Content/FPWeapon/Materials/M_FPGun.uasset" 528
"E:/UE5/projects/WorkingTitleTest/Content/FPWeapon/Materials/M_FPGun.uexp" 529
"E:/UE5/projects/WorkingTitleTest/Content/FPWeapon/Mesh/SK_FPGun_Physics.uasset" 530
"E:/UE5/projects/WorkingTitleTest/Content/FPWeapon/Mesh/SK_FPGun_Physics.uexp" 531
"E:/UE5/projects/WorkingTitleTest/Content/FPWeapon/Mesh/SK_FPGun.uasset" 532
"E:/UE5/projects/WorkingTitleTest/Content/FPWeapon/Mesh/SK_FPGun.uexp" 533
"E:/UE5/projects/WorkingTitleTest/Content/FPWeapon/Audio/FirstPersonTemplateWeaponFire02.uasset" 534
"E:/UE5/projects/WorkingTitleTest/Content/FPWeapon/Audio/FirstPersonTemplateWeaponFire02.uexp" 535
"E:/UE5/projects/WorkingTitleTest/Content/FPWeapon/Materials/BaseMaterial.uasset" 536
"E:/UE5/projects/WorkingTitleTest/Content/FPWeapon/Materials/BaseMaterial.uexp" 537
"E:/UE5/projects/WorkingTitleTest/Content/FPWeapon/Materials/FirstPersonProjectileMaterial.uasset" 538
"E:/UE5/projects/WorkingTitleTest/Content/FPWeapon/Materials/FirstPersonProjectileMaterial.uexp" 539
"E:/UE5/projects/WorkingTitleTest/Content/FPWeapon/Mesh/FirstPersonProjectileMesh.uasset" 540
"E:/UE5/projects/WorkingTitleTest/Content/FPWeapon/Mesh/FirstPersonProjectileMesh.uexp" 541
"E:/UE5/projects/WorkingTitleTest/Content/FirstPerson/Blueprints/BP_FirstPersonProjectile.uasset" 542
"E:/UE5/projects/WorkingTitleTest/Content/FirstPerson/Blueprints/BP_FirstPersonProjectile.uexp" 543
"E:/UE5/projects/WorkingTitleTest/Content/FirstPersonArms/Character/Materials/MaterialLayers/T_ML_Rubber_Blue_01_N.uasset" 544
"E:/UE5/projects/WorkingTitleTest/Content/FirstPersonArms/Character/Materials/MaterialLayers/T_ML_Rubber_Blue_01_N.uexp" 545
"E:/UE5/projects/WorkingTitleTest/Content/FirstPersonArms/Character/Materials/MaterialLayers/T_ML_Rubber_Blue_01_D.uasset" 546
"E:/UE5/projects/WorkingTitleTest/Content/FirstPersonArms/Character/Materials/MaterialLayers/T_ML_Rubber_Blue_01_D.uexp" 547
"E:/UE5/projects/WorkingTitleTest/Content/FirstPersonArms/Character/Materials/MaterialLayers/ML_GlossyBlack_Latex_UE4.uasset" 548
"E:/UE5/projects/WorkingTitleTest/Content/FirstPersonArms/Character/Materials/MaterialLayers/ML_GlossyBlack_Latex_UE4.uexp" 549
"E:/UE5/projects/WorkingTitleTest/Content/FirstPersonArms/Character/Textures/UE4_Mannequin_MAT_MASKA.uasset" 550
"E:/UE5/projects/WorkingTitleTest/Content/FirstPersonArms/Character/Textures/UE4_Mannequin_MAT_MASKA.uexp" 551
"E:/UE5/projects/WorkingTitleTest/Content/FirstPersonArms/Character/Textures/UE4_LOGO_CARD.uasset" 552
"E:/UE5/projects/WorkingTitleTest/Content/FirstPersonArms/Character/Textures/UE4_LOGO_CARD.uexp" 553
"E:/UE5/projects/WorkingTitleTest/Content/FirstPersonArms/Character/Materials/MaterialLayers/ML_Plastic_Shiny_Beige_LOGO.uasset" 554
"E:/UE5/projects/WorkingTitleTest/Content/FirstPersonArms/Character/Materials/MaterialLayers/ML_Plastic_Shiny_Beige_LOGO.uexp" 555
"E:/UE5/projects/WorkingTitleTest/Content/FirstPersonArms/Character/Materials/MaterialLayers/T_ML_Aluminum01.uasset" 556
"E:/UE5/projects/WorkingTitleTest/Content/FirstPersonArms/Character/Materials/MaterialLayers/T_ML_Aluminum01.uexp" 557
"E:/UE5/projects/WorkingTitleTest/Content/FirstPersonArms/Character/Materials/MaterialLayers/T_ML_Aluminum01_N.uasset" 558
"E:/UE5/projects/WorkingTitleTest/Content/FirstPersonArms/Character/Materials/MaterialLayers/T_ML_Aluminum01_N.uexp" 559
"E:/UE5/projects/WorkingTitleTest/Content/FirstPersonArms/Character/Materials/MaterialLayers/ML_SoftMetal_UE4.uasset" 560
"E:/UE5/projects/WorkingTitleTest/Content/FirstPersonArms/Character/Materials/MaterialLayers/ML_SoftMetal_UE4.uexp" 561
"E:/UE5/projects/WorkingTitleTest/Content/FirstPersonArms/Character/Materials/MaterialLayers/ML_Plastic_Shiny_Beige.uasset" 562
"E:/UE5/projects/WorkingTitleTest/Content/FirstPersonArms/Character/Materials/MaterialLayers/ML_Plastic_Shiny_Beige.uexp" 563
"E:/UE5/projects/WorkingTitleTest/Content/FirstPersonArms/Character/Textures/UE4_Mannequin__normals.uasset" 564
"E:/UE5/projects/WorkingTitleTest/Content/FirstPersonArms/Character/Textures/UE4_Mannequin__normals.uexp" 565
"E:/UE5/projects/WorkingTitleTest/Content/FirstPersonArms/Character/Materials/M_UE4Man_Body.uasset" 566
"E:/UE5/projects/WorkingTitleTest/Content/FirstPersonArms/Character/Materials/M_UE4Man_Body.uexp" 567
"E:/UE5/projects/WorkingTitleTest/Content/FirstPersonArms/Character/Mesh/SK_Mannequin_Arms_PhysicsAsset.uasset" 568
"E:/UE5/projects/WorkingTitleTest/Content/FirstPersonArms/Character/Mesh/SK_Mannequin_Arms_PhysicsAsset.uexp" 569
"E:/UE5/projects/WorkingTitleTest/Content/FirstPersonArms/Character/Mesh/SK_Mannequin_Arms.uasset" 570
"E:/UE5/projects/WorkingTitleTest/Content/FirstPersonArms/Character/Mesh/SK_Mannequin_Arms.uexp" 571
"E:/UE5/projects/WorkingTitleTest/Content/FirstPersonArms/Animations/FirstPerson_JumpLoop.uasset" 572
"E:/UE5/projects/WorkingTitleTest/Content/FirstPersonArms/Animations/FirstPerson_JumpLoop.uexp" 573
"E:/UE5/projects/WorkingTitleTest/Content/FirstPersonArms/Animations/FirstPerson_Run.uasset" 574
"E:/UE5/projects/WorkingTitleTest/Content/FirstPersonArms/Animations/FirstPerson_Run.uexp" 575
"E:/UE5/projects/WorkingTitleTest/Content/FirstPersonArms/Animations/FirstPerson_JumpEnd.uasset" 576
"E:/UE5/projects/WorkingTitleTest/Content/FirstPersonArms/Animations/FirstPerson_JumpEnd.uexp" 577
"E:/UE5/projects/WorkingTitleTest/Content/FirstPersonArms/Animations/FirstPerson_Idle.uasset" 578
"E:/UE5/projects/WorkingTitleTest/Content/FirstPersonArms/Animations/FirstPerson_Idle.uexp" 579
"E:/UE5/projects/WorkingTitleTest/Content/FirstPersonArms/Animations/FirstPerson_JumpStart.uasset" 580
"E:/UE5/projects/WorkingTitleTest/Content/FirstPersonArms/Animations/FirstPerson_JumpStart.uexp" 581
"../../../Engine/Content/EditorBlueprintResources/StandardMacros.uasset" 582
"../../../Engine/Content/EditorBlueprintResources/StandardMacros.uexp" 583
"E:/UE5/projects/WorkingTitleTest/Content/FirstPersonArms/Animations/FirstPerson_AnimBP.uasset" 584
"E:/UE5/projects/WorkingTitleTest/Content/FirstPersonArms/Animations/FirstPerson_AnimBP.uexp" 585
"E:/UE5/projects/WorkingTitleTest/Content/FirstPerson/Blueprints/BP_FirstPersonCharacter.uasset" 586
"E:/UE5/projects/WorkingTitleTest/Content/FirstPerson/Blueprints/BP_FirstPersonCharacter.uexp" 587
"E:/UE5/projects/WorkingTitleTest/Content/FirstPerson/Blueprints/BP_Rifle.uasset" 588
"E:/UE5/projects/WorkingTitleTest/Content/FirstPerson/Blueprints/BP_Rifle.uexp" 589
"E:/UE5/projects/WorkingTitleTest/Content/LevelPrototyping/Textures/T_GridChecker_A.uasset" 590
"E:/UE5/projects/WorkingTitleTest/Content/LevelPrototyping/Textures/T_GridChecker_A.uexp" 591
"../../../Engine/Content/Functions/Engine_MaterialFunctions01/Gradient/LinearGradient.uasset" 592
"../../../Engine/Content/Functions/Engine_MaterialFunctions01/Gradient/LinearGradient.uexp" 593
"../../../Engine/Content/Functions/Engine_MaterialFunctions01/ImageAdjustment/CheapContrast.uasset" 594
"../../../Engine/Content/Functions/Engine_MaterialFunctions01/ImageAdjustment/CheapContrast.uexp" 595
"E:/UE5/projects/WorkingTitleTest/Content/LevelPrototyping/Materials/MF_ProcGrid.uasset" 596
"E:/UE5/projects/WorkingTitleTest/Content/LevelPrototyping/Materials/MF_ProcGrid.uexp" 597
"E:/UE5/projects/WorkingTitleTest/Content/LevelPrototyping/Materials/M_PrototypeGrid.uasset" 598
"E:/UE5/projects/WorkingTitleTest/Content/LevelPrototyping/Materials/M_PrototypeGrid.uexp" 599
"E:/UE5/projects/WorkingTitleTest/Content/LevelPrototyping/Materials/MI_PrototypeGrid_TopDark.uasset" 600
"E:/UE5/projects/WorkingTitleTest/Content/LevelPrototyping/Materials/MI_PrototypeGrid_TopDark.uexp" 601
"E:/UE5/projects/WorkingTitleTest/Content/LevelPrototyping/Materials/MI_PrototypeGrid_Gray.uasset" 602
"E:/UE5/projects/WorkingTitleTest/Content/LevelPrototyping/Materials/MI_PrototypeGrid_Gray.uexp" 603
"E:/UE5/projects/WorkingTitleTest/Content/LevelPrototyping/Meshes/SM_Ramp.uasset" 604
"E:/UE5/projects/WorkingTitleTest/Content/LevelPrototyping/Meshes/SM_Ramp.uexp" 605
"E:/UE5/projects/WorkingTitleTest/Content/LevelPrototyping/Meshes/SM_QuarterCylinder.uasset" 606
"E:/UE5/projects/WorkingTitleTest/Content/LevelPrototyping/Meshes/SM_QuarterCylinder.uexp" 607
"E:/UE5/projects/WorkingTitleTest/Content/LevelPrototyping/Meshes/SM_Cube.uasset" 608
"E:/UE5/projects/WorkingTitleTest/Content/LevelPrototyping/Meshes/SM_Cube.uexp" 609
"E:/UE5/projects/WorkingTitleTest/Content/LevelPrototyping/Materials/M_Solid.uasset" 610
"E:/UE5/projects/WorkingTitleTest/Content/LevelPrototyping/Materials/M_Solid.uexp" 611
"E:/UE5/projects/WorkingTitleTest/Content/LevelPrototyping/Materials/MI_Solid_Blue.uasset" 612
"E:/UE5/projects/WorkingTitleTest/Content/LevelPrototyping/Materials/MI_Solid_Blue.uexp" 613
"E:/UE5/projects/WorkingTitleTest/Content/LevelPrototyping/Meshes/SM_ChamferCube.uasset" 614
"E:/UE5/projects/WorkingTitleTest/Content/LevelPrototyping/Meshes/SM_ChamferCube.uexp" 615
"E:/UE5/projects/WorkingTitleTest/Content/StarterContent/Audio/Steam01.uasset" 616
"E:/UE5/projects/WorkingTitleTest/Content/StarterContent/Audio/Steam01.uexp" 617
"E:/UE5/projects/WorkingTitleTest/Content/StarterContent/Audio/Starter_Wind06.uasset" 618
"E:/UE5/projects/WorkingTitleTest/Content/StarterContent/Audio/Starter_Wind06.uexp" 619
"E:/UE5/projects/WorkingTitleTest/Content/StarterContent/Audio/Starter_Wind05.uasset" 620
"E:/UE5/projects/WorkingTitleTest/Content/StarterContent/Audio/Starter_Wind05.uexp" 621
"E:/UE5/projects/WorkingTitleTest/Content/StarterContent/Audio/Starter_Music01.uasset" 622
"E:/UE5/projects/WorkingTitleTest/Content/StarterContent/Audio/Starter_Music01.uexp" 623
"E:/UE5/projects/WorkingTitleTest/Content/StarterContent/Audio/Starter_Birds01.uasset" 624
"E:/UE5/projects/WorkingTitleTest/Content/StarterContent/Audio/Starter_Birds01.uexp" 625
"E:/UE5/projects/WorkingTitleTest/Content/StarterContent/Audio/Smoke01.uasset" 626
"E:/UE5/projects/WorkingTitleTest/Content/StarterContent/Audio/Smoke01.uexp" 627
"E:/UE5/projects/WorkingTitleTest/Content/StarterContent/Audio/Fire_Sparks01.uasset" 628
"E:/UE5/projects/WorkingTitleTest/Content/StarterContent/Audio/Fire_Sparks01.uexp" 629
"E:/UE5/projects/WorkingTitleTest/Content/StarterContent/Audio/Fire01.uasset" 630
"E:/UE5/projects/WorkingTitleTest/Content/StarterContent/Audio/Fire01.uexp" 631
"E:/UE5/projects/WorkingTitleTest/Content/StarterContent/Audio/Collapse02.uasset" 632
"E:/UE5/projects/WorkingTitleTest/Content/StarterContent/Audio/Collapse02.uexp" 633
"E:/UE5/projects/WorkingTitleTest/Content/StarterContent/Audio/Collapse01.uasset" 634
"E:/UE5/projects/WorkingTitleTest/Content/StarterContent/Audio/Collapse01.uexp" 635
"E:/UE5/projects/WorkingTitleTest/Content/FirstPerson/Blueprints/BP_FirstPersonGameMode.uasset" 636
"E:/UE5/projects/WorkingTitleTest/Content/FirstPerson/Blueprints/BP_FirstPersonGameMode.uexp" 637
"../../../Engine/Content/Maps/Templates/HLODs/HLODLayer_Instanced.uasset" 638
"../../../Engine/Content/Maps/Templates/HLODs/HLODLayer_Instanced.uexp" 639
"E:/UE5/projects/WorkingTitleTest/Content/FirstPerson/Maps/FirstPersonMap.uexp" 640
"E:/UE5/projects/WorkingTitleTest/Content/FirstPerson/Maps/FirstPersonMap.umap" 641
"E:/UE5/projects/WorkingTitleTest/Content/StarterContent/Textures/T_Frame_M.uasset" 642
"E:/UE5/projects/WorkingTitleTest/Content/StarterContent/Textures/T_Frame_M.uexp" 643
"E:/UE5/projects/WorkingTitleTest/Content/StarterContent/Textures/T_Frame_N.uasset" 644
"E:/UE5/projects/WorkingTitleTest/Content/StarterContent/Textures/T_Frame_N.uexp" 645
"E:/UE5/projects/WorkingTitleTest/Content/StarterContent/Props/Materials/M_Frame.uasset" 646
"E:/UE5/projects/WorkingTitleTest/Content/StarterContent/Props/Materials/M_Frame.uexp" 647
"E:/UE5/projects/WorkingTitleTest/Content/StarterContent/Props/SM_DoorFrame.uasset" 648
"E:/UE5/projects/WorkingTitleTest/Content/StarterContent/Props/SM_DoorFrame.uexp" 649
"E:/UE5/projects/WorkingTitleTest/Content/StarterContent/Textures/T_MacroVariation.uasset" 650
"E:/UE5/projects/WorkingTitleTest/Content/StarterContent/Textures/T_MacroVariation.uexp" 651
"E:/UE5/projects/WorkingTitleTest/Content/StarterContent/Materials/M_Metal_Brushed_Nickel.uasset" 652
"E:/UE5/projects/WorkingTitleTest/Content/StarterContent/Materials/M_Metal_Brushed_Nickel.uexp" 653
"E:/UE5/projects/WorkingTitleTest/Content/StarterContent/Textures/T_Lamp_N.uasset" 654
"E:/UE5/projects/WorkingTitleTest/Content/StarterContent/Textures/T_Lamp_N.uexp" 655
"E:/UE5/projects/WorkingTitleTest/Content/StarterContent/Textures/T_Lamp_M.uasset" 656
"E:/UE5/projects/WorkingTitleTest/Content/StarterContent/Textures/T_Lamp_M.uexp" 657
"E:/UE5/projects/WorkingTitleTest/Content/StarterContent/Props/Materials/M_Lamp.uasset" 658
"E:/UE5/projects/WorkingTitleTest/Content/StarterContent/Props/Materials/M_Lamp.uexp" 659
"E:/UE5/projects/WorkingTitleTest/Content/StarterContent/Props/SM_Lamp_Ceiling.uasset" 660
"E:/UE5/projects/WorkingTitleTest/Content/StarterContent/Props/SM_Lamp_Ceiling.uexp" 661
"E:/UE5/projects/WorkingTitleTest/Content/StarterContent/Blueprints/Blueprint_CeilingLight.uasset" 662
"E:/UE5/projects/WorkingTitleTest/Content/StarterContent/Blueprints/Blueprint_CeilingLight.uexp" 663
"../../../Engine/Content/Functions/Engine_MaterialFunctions03/Procedurals/ComputeFilterWidth.uasset" 664
"../../../Engine/Content/Functions/Engine_MaterialFunctions03/Procedurals/ComputeFilterWidth.uexp" 665
"../../../Engine/Content/EngineMaterials/AntiAliasedTextMaterialTranslucent.uasset" 666
"../../../Engine/Content/EngineMaterials/AntiAliasedTextMaterialTranslucent.uexp" 667
"E:/UE5/projects/WorkingTitleTest/Content/StarterContent/Materials/M_Basic_Wall.uasset" 668
"E:/UE5/projects/WorkingTitleTest/Content/StarterContent/Materials/M_Basic_Wall.uexp" 669
"E:/UE5/projects/WorkingTitleTest/Content/StarterContent/Architecture/Wall_Door_400x300.uasset" 670
"E:/UE5/projects/WorkingTitleTest/Content/StarterContent/Architecture/Wall_Door_400x300.uexp" 671
"E:/UE5/projects/WorkingTitleTest/Content/StarterContent/Textures/T_Wood_Pine_D.uasset" 672
"E:/UE5/projects/WorkingTitleTest/Content/StarterContent/Textures/T_Wood_Pine_D.uexp" 673
"E:/UE5/projects/WorkingTitleTest/Content/StarterContent/Textures/T_Wood_Pine_N.uasset" 674
"E:/UE5/projects/WorkingTitleTest/Content/StarterContent/Textures/T_Wood_Pine_N.uexp" 675
"E:/UE5/projects/WorkingTitleTest/Content/StarterContent/Textures/T_Perlin_Noise_M.uasset" 676
"E:/UE5/projects/WorkingTitleTest/Content/StarterContent/Textures/T_Perlin_Noise_M.uexp" 677
"E:/UE5/projects/WorkingTitleTest/Content/StarterContent/Materials/M_Wood_Pine.uasset" 678
"E:/UE5/projects/WorkingTitleTest/Content/StarterContent/Materials/M_Wood_Pine.uexp" 679
"E:/UE5/projects/WorkingTitleTest/Content/StarterContent/Textures/T_Rock_Smooth_Granite_D.uasset" 680
"E:/UE5/projects/WorkingTitleTest/Content/StarterContent/Textures/T_Rock_Smooth_Granite_D.uexp" 681
"E:/UE5/projects/WorkingTitleTest/Content/StarterContent/Textures/T_CobbleStone_Smooth_D.uasset" 682
"E:/UE5/projects/WorkingTitleTest/Content/StarterContent/Textures/T_CobbleStone_Smooth_D.uexp" 683
"E:/UE5/projects/WorkingTitleTest/Content/StarterContent/Textures/T_Gradinet_01.uasset" 684
"E:/UE5/projects/WorkingTitleTest/Content/StarterContent/Textures/T_Gradinet_01.uexp" 685
"E:/UE5/projects/WorkingTitleTest/Content/StarterContent/Textures/T_CobbleStone_Smooth_M.uasset" 686
"E:/UE5/projects/WorkingTitleTest/Content/StarterContent/Textures/T_CobbleStone_Smooth_M.uexp" 687
"E:/UE5/projects/WorkingTitleTest/Content/StarterContent/Textures/T_CobbleStone_Smooth_N.uasset" 688
"E:/UE5/projects/WorkingTitleTest/Content/StarterContent/Textures/T_CobbleStone_Smooth_N.uexp" 689
"E:/UE5/projects/WorkingTitleTest/Content/StarterContent/Materials/M_CobbleStone_Smooth.uasset" 690
"E:/UE5/projects/WorkingTitleTest/Content/StarterContent/Materials/M_CobbleStone_Smooth.uexp" 691
"E:/UE5/projects/WorkingTitleTest/Content/StarterContent/Textures/T_Rock_Basalt_D.uasset" 692
"E:/UE5/projects/WorkingTitleTest/Content/StarterContent/Textures/T_Rock_Basalt_D.uexp" 693
"E:/UE5/projects/WorkingTitleTest/Content/StarterContent/Textures/T_Rock_Basalt_N.uasset" 694
"E:/UE5/projects/WorkingTitleTest/Content/StarterContent/Textures/T_Rock_Basalt_N.uexp" 695
"E:/UE5/projects/WorkingTitleTest/Content/StarterContent/Materials/M_Rock_Basalt.uasset" 696
"E:/UE5/projects/WorkingTitleTest/Content/StarterContent/Materials/M_Rock_Basalt.uexp" 697
"E:/UE5/projects/WorkingTitleTest/Content/StarterContent/Shapes/Shape_Cube.uasset" 698
"E:/UE5/projects/WorkingTitleTest/Content/StarterContent/Shapes/Shape_Cube.uexp" 699
"E:/UE5/projects/WorkingTitleTest/Content/StarterContent/Textures/T_Concrete_Tiles_Variation_M.uasset" 700
"E:/UE5/projects/WorkingTitleTest/Content/StarterContent/Textures/T_Concrete_Tiles_Variation_M.uexp" 701
"E:/UE5/projects/WorkingTitleTest/Content/StarterContent/Textures/T_Concrete_Tiles_D.uasset" 702
"E:/UE5/projects/WorkingTitleTest/Content/StarterContent/Textures/T_Concrete_Tiles_D.uexp" 703
"E:/UE5/projects/WorkingTitleTest/Content/StarterContent/Textures/T_Concrete_Tiles_M.uasset" 704
"E:/UE5/projects/WorkingTitleTest/Content/StarterContent/Textures/T_Concrete_Tiles_M.uexp" 705
"E:/UE5/projects/WorkingTitleTest/Content/StarterContent/Textures/T_Concrete_Tiles_N.uasset" 706
"E:/UE5/projects/WorkingTitleTest/Content/StarterContent/Textures/T_Concrete_Tiles_N.uexp" 707
"E:/UE5/projects/WorkingTitleTest/Content/StarterContent/Materials/M_Concrete_Tiles.uasset" 708
"E:/UE5/projects/WorkingTitleTest/Content/StarterContent/Materials/M_Concrete_Tiles.uexp" 709
"E:/UE5/projects/WorkingTitleTest/Content/StarterContent/Props/MaterialSphere.uasset" 710
"E:/UE5/projects/WorkingTitleTest/Content/StarterContent/Props/MaterialSphere.uexp" 711
"E:/UE5/projects/WorkingTitleTest/Content/StarterContent/Textures/T_Metal_Rust_N.uasset" 712
"E:/UE5/projects/WorkingTitleTest/Content/StarterContent/Textures/T_Metal_Rust_N.uexp" 713
"E:/UE5/projects/WorkingTitleTest/Content/StarterContent/Textures/T_Metal_Rust_D.uasset" 714
"E:/UE5/projects/WorkingTitleTest/Content/StarterContent/Textures/T_Metal_Rust_D.uexp" 715
"E:/UE5/projects/WorkingTitleTest/Content/StarterContent/Materials/M_Metal_Rust.uasset" 716
"E:/UE5/projects/WorkingTitleTest/Content/StarterContent/Materials/M_Metal_Rust.uexp" 717
"E:/UE5/projects/WorkingTitleTest/Content/StarterContent/Textures/T_Rock_Slate_D.uasset" 718
"E:/UE5/projects/WorkingTitleTest/Content/StarterContent/Textures/T_Rock_Slate_D.uexp" 719
"E:/UE5/projects/WorkingTitleTest/Content/StarterContent/Textures/T_Rock_Slate_N.uasset" 720
"E:/UE5/projects/WorkingTitleTest/Content/StarterContent/Textures/T_Rock_Slate_N.uexp" 721
"E:/UE5/projects/WorkingTitleTest/Content/StarterContent/Materials/M_Rock_Slate.uasset" 722
"E:/UE5/projects/WorkingTitleTest/Content/StarterContent/Materials/M_Rock_Slate.uexp" 723
"E:/UE5/projects/WorkingTitleTest/Content/StarterContent/Textures/T_Concrete_Poured_D.uasset" 724
"E:/UE5/projects/WorkingTitleTest/Content/StarterContent/Textures/T_Concrete_Poured_D.uexp" 725
"E:/UE5/projects/WorkingTitleTest/Content/StarterContent/Textures/T_Concrete_Poured_N.uasset" 726
"E:/UE5/projects/WorkingTitleTest/Content/StarterContent/Textures/T_Concrete_Poured_N.uexp" 727
"E:/UE5/projects/WorkingTitleTest/Content/StarterContent/Materials/M_Concrete_Poured.uasset" 728
"E:/UE5/projects/WorkingTitleTest/Content/StarterContent/Materials/M_Concrete_Poured.uexp" 729
"E:/UE5/projects/WorkingTitleTest/Content/StarterContent/Textures/T_Chair_N.uasset" 730
"E:/UE5/projects/WorkingTitleTest/Content/StarterContent/Textures/T_Chair_N.uexp" 731
"E:/UE5/projects/WorkingTitleTest/Content/StarterContent/Textures/T_Chair_M.uasset" 732
"E:/UE5/projects/WorkingTitleTest/Content/StarterContent/Textures/T_Chair_M.uexp" 733
"E:/UE5/projects/WorkingTitleTest/Content/StarterContent/Props/Materials/M_Chair.uasset" 734
"E:/UE5/projects/WorkingTitleTest/Content/StarterContent/Props/Materials/M_Chair.uexp" 735
"E:/UE5/projects/WorkingTitleTest/Content/StarterContent/Textures/T_Brick_Clay_Beveled_M.uasset" 736
"E:/UE5/projects/WorkingTitleTest/Content/StarterContent/Textures/T_Brick_Clay_Beveled_M.uexp" 737
"E:/UE5/projects/WorkingTitleTest/Content/StarterContent/Textures/T_Brick_Clay_Beveled_N.uasset" 738
"E:/UE5/projects/WorkingTitleTest/Content/StarterContent/Textures/T_Brick_Clay_Beveled_N.uexp" 739
"E:/UE5/projects/WorkingTitleTest/Content/StarterContent/Textures/T_Brick_Clay_Beveled_D.uasset" 740
"E:/UE5/projects/WorkingTitleTest/Content/StarterContent/Textures/T_Brick_Clay_Beveled_D.uexp" 741
"E:/UE5/projects/WorkingTitleTest/Content/StarterContent/Materials/M_Brick_Clay_Beveled.uasset" 742
"E:/UE5/projects/WorkingTitleTest/Content/StarterContent/Materials/M_Brick_Clay_Beveled.uexp" 743
"E:/UE5/projects/WorkingTitleTest/Content/StarterContent/Textures/T_Tech_Hex_Tile_M.uasset" 744
"E:/UE5/projects/WorkingTitleTest/Content/StarterContent/Textures/T_Tech_Hex_Tile_M.uexp" 745
"E:/UE5/projects/WorkingTitleTest/Content/StarterContent/Textures/T_Tech_Hex_Tile_N.uasset" 746
"E:/UE5/projects/WorkingTitleTest/Content/StarterContent/Textures/T_Tech_Hex_Tile_N.uexp" 747
"E:/UE5/projects/WorkingTitleTest/Content/StarterContent/Materials/M_Tech_Hex_Tile.uasset" 748
"E:/UE5/projects/WorkingTitleTest/Content/StarterContent/Materials/M_Tech_Hex_Tile.uexp" 749
"../../../Engine/Content/EngineSky/C_Sky_Horizon_Color.uasset" 750
"../../../Engine/Content/EngineSky/C_Sky_Horizon_Color.uexp" 751
"../../../Engine/Content/EngineSky/T_Sky_Stars.uasset" 752
"../../../Engine/Content/EngineSky/T_Sky_Stars.uexp" 753
"../../../Engine/Content/EngineSky/T_Sky_Clouds_M.uasset" 754
"../../../Engine/Content/EngineSky/T_Sky_Clouds_M.uexp" 755
"../../../Engine/Content/EngineSky/T_Sky_Blue.uasset" 756
"../../../Engine/Content/EngineSky/T_Sky_Blue.uexp" 757
"../../../Engine/Content/EngineSky/M_Sky_Panning_Clouds2.uasset" 758
"../../../Engine/Content/EngineSky/M_Sky_Panning_Clouds2.uexp" 759
"../../../Engine/Content/EngineSky/SM_SkySphere.uasset" 760
"../../../Engine/Content/EngineSky/SM_SkySphere.uexp" 761
"../../../Engine/Content/EngineSky/C_Sky_Cloud_Color.uasset" 762
"../../../Engine/Content/EngineSky/C_Sky_Cloud_Color.uexp" 763
"../../../Engine/Content/EngineSky/C_Sky_Zenith_Color.uasset" 764
"../../../Engine/Content/EngineSky/C_Sky_Zenith_Color.uexp" 765
"../../../Engine/Content/EngineSky/BP_Sky_Sphere.uasset" 766
"../../../Engine/Content/EngineSky/BP_Sky_Sphere.uexp" 767
"../../../Engine/Content/Functions/Engine_MaterialFunctions01/Opacity/AlphaOffset.uasset" 768
"../../../Engine/Content/Functions/Engine_MaterialFunctions01/Opacity/AlphaOffset.uexp" 769
"E:/UE5/projects/WorkingTitleTest/Content/StarterContent/Textures/T_Wood_Floor_Walnut_M.uasset" 770
"E:/UE5/projects/WorkingTitleTest/Content/StarterContent/Textures/T_Wood_Floor_Walnut_M.uexp" 771
"E:/UE5/projects/WorkingTitleTest/Content/StarterContent/Textures/T_Wood_Floor_Walnut_D.uasset" 772
"E:/UE5/projects/WorkingTitleTest/Content/StarterContent/Textures/T_Wood_Floor_Walnut_D.uexp" 773
"E:/UE5/projects/WorkingTitleTest/Content/StarterContent/Textures/T_Wood_Floor_Walnut_N.uasset" 774
"E:/UE5/projects/WorkingTitleTest/Content/StarterContent/Textures/T_Wood_Floor_Walnut_N.uexp" 775
"E:/UE5/projects/WorkingTitleTest/Content/StarterContent/Materials/M_Wood_Floor_Walnut_Worn.uasset" 776
"E:/UE5/projects/WorkingTitleTest/Content/StarterContent/Materials/M_Wood_Floor_Walnut_Worn.uexp" 777
"E:/UE5/projects/WorkingTitleTest/Content/StarterContent/Textures/T_Ground_Gravel_N.uasset" 778
"E:/UE5/projects/WorkingTitleTest/Content/StarterContent/Textures/T_Ground_Gravel_N.uexp" 779
"E:/UE5/projects/WorkingTitleTest/Content/StarterContent/Textures/T_Ground_Gravel_D.uasset" 780
"E:/UE5/projects/WorkingTitleTest/Content/StarterContent/Textures/T_Ground_Gravel_D.uexp" 781
"E:/UE5/projects/WorkingTitleTest/Content/StarterContent/Materials/M_Ground_Gravel.uasset" 782
"E:/UE5/projects/WorkingTitleTest/Content/StarterContent/Materials/M_Ground_Gravel.uexp" 783
"E:/UE5/projects/WorkingTitleTest/Content/StarterContent/Audio/Steam01_Cue.uasset" 784
"E:/UE5/projects/WorkingTitleTest/Content/StarterContent/Audio/Steam01_Cue.uexp" 785
"E:/UE5/projects/WorkingTitleTest/Content/StarterContent/Textures/T_Smoke_SubUV.uasset" 786
"E:/UE5/projects/WorkingTitleTest/Content/StarterContent/Textures/T_Smoke_SubUV.uexp" 787
"E:/UE5/projects/WorkingTitleTest/Content/StarterContent/Textures/T_Smoke_Tiled_D.uasset" 788
"E:/UE5/projects/WorkingTitleTest/Content/StarterContent/Textures/T_Smoke_Tiled_D.uexp" 789
"E:/UE5/projects/WorkingTitleTest/Content/StarterContent/Particles/Materials/M_smoke_subUV.uasset" 790
"E:/UE5/projects/WorkingTitleTest/Content/StarterContent/Particles/Materials/M_smoke_subUV.uexp" 791
"E:/UE5/projects/WorkingTitleTest/Content/StarterContent/Particles/P_Steam_Lit.uasset" 792
"E:/UE5/projects/WorkingTitleTest/Content/StarterContent/Particles/P_Steam_Lit.uexp" 793
"E:/UE5/projects/WorkingTitleTest/Content/StarterContent/Blueprints/Blueprint_Effect_Steam.uasset" 794
"E:/UE5/projects/WorkingTitleTest/Content/StarterContent/Blueprints/Blueprint_Effect_Steam.uexp" 795
"E:/UE5/projects/WorkingTitleTest/Content/StarterContent/Audio/Fire_Sparks01_Cue.uasset" 796
"E:/UE5/projects/WorkingTitleTest/Content/StarterContent/Audio/Fire_Sparks01_Cue.uexp" 797
"E:/UE5/projects/WorkingTitleTest/Content/StarterContent/Textures/T_Spark_Core.uasset" 798
"E:/UE5/projects/WorkingTitleTest/Content/StarterContent/Textures/T_Spark_Core.uexp" 799
"E:/UE5/projects/WorkingTitleTest/Content/StarterContent/Particles/Materials/M_Spark.uasset" 800
"E:/UE5/projects/WorkingTitleTest/Content/StarterContent/Particles/Materials/M_Spark.uexp" 801
"../../../Engine/Content/Functions/Engine_MaterialFunctions01/Gradient/RadialGradient.uasset" 802
"../../../Engine/Content/Functions/Engine_MaterialFunctions01/Gradient/RadialGradient.uexp" 803
"E:/UE5/projects/WorkingTitleTest/Content/StarterContent/Particles/Materials/M_Radial_Gradient.uasset" 804
"E:/UE5/projects/WorkingTitleTest/Content/StarterContent/Particles/Materials/M_Radial_Gradient.uexp" 805
"E:/UE5/projects/WorkingTitleTest/Content/StarterContent/Particles/P_Sparks.uasset" 806
"E:/UE5/projects/WorkingTitleTest/Content/StarterContent/Particles/P_Sparks.uexp" 807
"E:/UE5/projects/WorkingTitleTest/Content/StarterContent/Blueprints/Blueprint_Effect_Sparks.uasset" 808
"E:/UE5/projects/WorkingTitleTest/Content/StarterContent/Blueprints/Blueprint_Effect_Sparks.uexp" 809
"E:/UE5/projects/WorkingTitleTest/Content/StarterContent/Textures/T_Water_N.uasset" 810
"E:/UE5/projects/WorkingTitleTest/Content/StarterContent/Textures/T_Water_N.uexp" 811
"E:/UE5/projects/WorkingTitleTest/Content/StarterContent/Materials/M_Water_Lake.uasset" 812
"E:/UE5/projects/WorkingTitleTest/Content/StarterContent/Materials/M_Water_Lake.uexp" 813
"E:/UE5/projects/WorkingTitleTest/Content/StarterContent/Architecture/Wall_400x200.uasset" 814
"E:/UE5/projects/WorkingTitleTest/Content/StarterContent/Architecture/Wall_400x200.uexp" 815
"E:/UE5/projects/WorkingTitleTest/Content/StarterContent/Textures/T_Checker_Noise_M.uasset" 816
"E:/UE5/projects/WorkingTitleTest/Content/StarterContent/Textures/T_Checker_Noise_M.uexp" 817
"E:/UE5/projects/WorkingTitleTest/Content/StarterContent/Textures/T_Tech_Dot_M.uasset" 818
"E:/UE5/projects/WorkingTitleTest/Content/StarterContent/Textures/T_Tech_Dot_M.uexp" 819
"E:/UE5/projects/WorkingTitleTest/Content/StarterContent/Textures/T_Tech_Dot_N.uasset" 820
"E:/UE5/projects/WorkingTitleTest/Content/StarterContent/Textures/T_Tech_Dot_N.uexp" 821
"E:/UE5/projects/WorkingTitleTest/Content/StarterContent/Textures/T_Single_Tile_N.uasset" 822
"E:/UE5/projects/WorkingTitleTest/Content/StarterContent/Textures/T_Single_Tile_N.uexp" 823
"E:/UE5/projects/WorkingTitleTest/Content/StarterContent/Materials/M_Tech_Checker_Dot.uasset" 824
"E:/UE5/projects/WorkingTitleTest/Content/StarterContent/Materials/M_Tech_Checker_Dot.uexp" 825
"E:/UE5/projects/WorkingTitleTest/Content/StarterContent/Materials/M_Basic_Floor.uasset" 826
"E:/UE5/projects/WorkingTitleTest/Content/StarterContent/Materials/M_Basic_Floor.uexp" 827
"E:/UE5/projects/WorkingTitleTest/Content/StarterContent/Architecture/Floor_400x400.uasset" 828
"E:/UE5/projects/WorkingTitleTest/Content/StarterContent/Architecture/Floor_400x400.uexp" 829
"E:/UE5/projects/WorkingTitleTest/Content/StarterContent/Textures/T_Metal_Gold_N.uasset" 830
"E:/UE5/projects/WorkingTitleTest/Content/StarterContent/Textures/T_Metal_Gold_N.uexp" 831
"E:/UE5/projects/WorkingTitleTest/Content/StarterContent/Textures/T_Rock_Marble_Polished_D.uasset" 832
"E:/UE5/projects/WorkingTitleTest/Content/StarterContent/Textures/T_Rock_Marble_Polished_D.uexp" 833
"E:/UE5/projects/WorkingTitleTest/Content/StarterContent/Materials/M_Rock_Marble_Polished.uasset" 834
"E:/UE5/projects/WorkingTitleTest/Content/StarterContent/Materials/M_Rock_Marble_Polished.uexp" 835
"E:/UE5/projects/WorkingTitleTest/Content/StarterContent/Materials/M_Glass.uasset" 836
"E:/UE5/projects/WorkingTitleTest/Content/StarterContent/Materials/M_Glass.uexp" 837
"E:/UE5/projects/WorkingTitleTest/Content/StarterContent/Props/SM_GlassWindow.uasset" 838
"E:/UE5/projects/WorkingTitleTest/Content/StarterContent/Props/SM_GlassWindow.uexp" 839
"E:/UE5/projects/WorkingTitleTest/Content/StarterContent/Textures/T_Concrete_Grime_D.uasset" 840
"E:/UE5/projects/WorkingTitleTest/Content/StarterContent/Textures/T_Concrete_Grime_D.uexp" 841
"E:/UE5/projects/WorkingTitleTest/Content/StarterContent/Materials/M_Concrete_Grime.uasset" 842
"E:/UE5/projects/WorkingTitleTest/Content/StarterContent/Materials/M_Concrete_Grime.uexp" 843
"E:/UE5/projects/WorkingTitleTest/Content/StarterContent/Textures/T_Ceramic_Tile_M.uasset" 844
"E:/UE5/projects/WorkingTitleTest/Content/StarterContent/Textures/T_Ceramic_Tile_M.uexp" 845
"E:/UE5/projects/WorkingTitleTest/Content/StarterContent/Textures/T_Ceramic_Tile_N.uasset" 846
"E:/UE5/projects/WorkingTitleTest/Content/StarterContent/Textures/T_Ceramic_Tile_N.uexp" 847
"E:/UE5/projects/WorkingTitleTest/Content/StarterContent/Materials/M_Ceramic_Tile_Checker.uasset" 848
"E:/UE5/projects/WorkingTitleTest/Content/StarterContent/Materials/M_Ceramic_Tile_Checker.uexp" 849
"E:/UE5/projects/WorkingTitleTest/Content/StarterContent/Textures/T_Rock_Sandstone_N.uasset" 850
"E:/UE5/projects/WorkingTitleTest/Content/StarterContent/Textures/T_Rock_Sandstone_N.uexp" 851
"E:/UE5/projects/WorkingTitleTest/Content/StarterContent/Textures/T_Rock_Sandstone_D.uasset" 852
"E:/UE5/projects/WorkingTitleTest/Content/StarterContent/Textures/T_Rock_Sandstone_D.uexp" 853
"E:/UE5/projects/WorkingTitleTest/Content/StarterContent/Materials/M_Rock_Sandstone.uasset" 854
"E:/UE5/projects/WorkingTitleTest/Content/StarterContent/Materials/M_Rock_Sandstone.uexp" 855
"E:/UE5/projects/WorkingTitleTest/Content/StarterContent/Textures/T_Wood_Walnut_N.uasset" 856
"E:/UE5/projects/WorkingTitleTest/Content/StarterContent/Textures/T_Wood_Walnut_N.uexp" 857
"E:/UE5/projects/WorkingTitleTest/Content/StarterContent/Textures/T_Wood_Walnut_D.uasset" 858
"E:/UE5/projects/WorkingTitleTest/Content/StarterContent/Textures/T_Wood_Walnut_D.uexp" 859
"E:/UE5/projects/WorkingTitleTest/Content/StarterContent/Materials/M_Wood_Walnut.uasset" 860
"E:/UE5/projects/WorkingTitleTest/Content/StarterContent/Materials/M_Wood_Walnut.uexp" 861
"E:/UE5/projects/WorkingTitleTest/Content/StarterContent/Audio/Collapse_Cue.uasset" 862
"E:/UE5/projects/WorkingTitleTest/Content/StarterContent/Audio/Collapse_Cue.uexp" 863
"E:/UE5/projects/WorkingTitleTest/Content/StarterContent/Textures/T_Brick_Cut_Stone_N.uasset" 864
"E:/UE5/projects/WorkingTitleTest/Content/StarterContent/Textures/T_Brick_Cut_Stone_N.uexp" 865
"E:/UE5/projects/WorkingTitleTest/Content/StarterContent/Textures/T_Brick_Cut_Stone_D.uasset" 866
"E:/UE5/projects/WorkingTitleTest/Content/StarterContent/Textures/T_Brick_Cut_Stone_D.uexp" 867
"E:/UE5/projects/WorkingTitleTest/Content/StarterContent/Materials/M_Brick_Cut_Stone.uasset" 868
"E:/UE5/projects/WorkingTitleTest/Content/StarterContent/Materials/M_Brick_Cut_Stone.uexp" 869
"E:/UE5/projects/WorkingTitleTest/Content/StarterContent/Textures/T_Dust_Particle_D.uasset" 870
"E:/UE5/projects/WorkingTitleTest/Content/StarterContent/Textures/T_Dust_Particle_D.uexp" 871
"E:/UE5/projects/WorkingTitleTest/Content/StarterContent/Particles/Materials/M_Dust_Particle.uasset" 872
"E:/UE5/projects/WorkingTitleTest/Content/StarterContent/Particles/Materials/M_Dust_Particle.uexp" 873
"E:/UE5/projects/WorkingTitleTest/Content/StarterContent/Particles/P_Ambient_Dust.uasset" 874
"E:/UE5/projects/WorkingTitleTest/Content/StarterContent/Particles/P_Ambient_Dust.uexp" 875
"E:/UE5/projects/WorkingTitleTest/Content/StarterContent/Props/SM_WindowFrame.uasset" 876
"E:/UE5/projects/WorkingTitleTest/Content/StarterContent/Props/SM_WindowFrame.uexp" 877
"E:/UE5/projects/WorkingTitleTest/Content/StarterContent/Textures/T_Metal_Copper_D.uasset" 878
"E:/UE5/projects/WorkingTitleTest/Content/StarterContent/Textures/T_Metal_Copper_D.uexp" 879
"E:/UE5/projects/WorkingTitleTest/Content/StarterContent/Materials/M_Metal_Copper.uasset" 880
"E:/UE5/projects/WorkingTitleTest/Content/StarterContent/Materials/M_Metal_Copper.uexp" 881
"E:/UE5/projects/WorkingTitleTest/Content/StarterContent/Textures/T_Water_M.uasset" 882
"E:/UE5/projects/WorkingTitleTest/Content/StarterContent/Textures/T_Water_M.uexp" 883
"E:/UE5/projects/WorkingTitleTest/Content/StarterContent/Materials/M_Water_Ocean.uasset" 884
"E:/UE5/projects/WorkingTitleTest/Content/StarterContent/Materials/M_Water_Ocean.uexp" 885
"E:/UE5/projects/WorkingTitleTest/Content/StarterContent/Textures/T_CobbleStone_Pebble_N.uasset" 886
"E:/UE5/projects/WorkingTitleTest/Content/StarterContent/Textures/T_CobbleStone_Pebble_N.uexp" 887
"E:/UE5/projects/WorkingTitleTest/Content/StarterContent/Textures/T_CobbleStone_Pebble_M.uasset" 888
"E:/UE5/projects/WorkingTitleTest/Content/StarterContent/Textures/T_CobbleStone_Pebble_M.uexp" 889
"E:/UE5/projects/WorkingTitleTest/Content/StarterContent/Textures/T_CobbleStone_Pebble_D.uasset" 890
"E:/UE5/projects/WorkingTitleTest/Content/StarterContent/Textures/T_CobbleStone_Pebble_D.uexp" 891
"E:/UE5/projects/WorkingTitleTest/Content/StarterContent/Materials/M_CobbleStone_Pebble.uasset" 892
"E:/UE5/projects/WorkingTitleTest/Content/StarterContent/Materials/M_CobbleStone_Pebble.uexp" 893
"E:/UE5/projects/WorkingTitleTest/Content/StarterContent/Textures/T_Brick_Clay_Old_N.uasset" 894
"E:/UE5/projects/WorkingTitleTest/Content/StarterContent/Textures/T_Brick_Clay_Old_N.uexp" 895
"E:/UE5/projects/WorkingTitleTest/Content/StarterContent/Textures/T_Brick_Clay_Old_D.uasset" 896
"E:/UE5/projects/WorkingTitleTest/Content/StarterContent/Textures/T_Brick_Clay_Old_D.uexp" 897
"E:/UE5/projects/WorkingTitleTest/Content/StarterContent/Materials/M_Brick_Clay_Old.uasset" 898
"E:/UE5/projects/WorkingTitleTest/Content/StarterContent/Materials/M_Brick_Clay_Old.uexp" 899
"E:/UE5/projects/WorkingTitleTest/Content/StarterContent/Textures/T_Metal_Steel_D.uasset" 900
"E:/UE5/projects/WorkingTitleTest/Content/StarterContent/Textures/T_Metal_Steel_D.uexp" 901
"E:/UE5/projects/WorkingTitleTest/Content/StarterContent/Textures/T_Metal_Steel_N.uasset" 902
"E:/UE5/projects/WorkingTitleTest/Content/StarterContent/Textures/T_Metal_Steel_N.uexp" 903
"E:/UE5/projects/WorkingTitleTest/Content/StarterContent/Materials/M_Metal_Steel.uasset" 904
"E:/UE5/projects/WorkingTitleTest/Content/StarterContent/Materials/M_Metal_Steel.uexp" 905
"E:/UE5/projects/WorkingTitleTest/Content/StarterContent/Materials/M_Wood_Floor_Walnut_Polished.uasset" 906
"E:/UE5/projects/WorkingTitleTest/Content/StarterContent/Materials/M_Wood_Floor_Walnut_Polished.uexp" 907
"E:/UE5/projects/WorkingTitleTest/Content/StarterContent/Props/SM_Lamp_Wall.uasset" 908
"E:/UE5/projects/WorkingTitleTest/Content/StarterContent/Props/SM_Lamp_Wall.uexp" 909
"E:/UE5/projects/WorkingTitleTest/Content/StarterContent/Blueprints/Blueprint_WallSconce.uasset" 910
"E:/UE5/projects/WorkingTitleTest/Content/StarterContent/Blueprints/Blueprint_WallSconce.uexp" 911
"E:/UE5/projects/WorkingTitleTest/Content/StarterContent/Textures/T_Tech_Panel_N.uasset" 912
"E:/UE5/projects/WorkingTitleTest/Content/StarterContent/Textures/T_Tech_Panel_N.uexp" 913
"E:/UE5/projects/WorkingTitleTest/Content/StarterContent/Textures/T_Tech_Panel_M.uasset" 914
"E:/UE5/projects/WorkingTitleTest/Content/StarterContent/Textures/T_Tech_Panel_M.uexp" 915
"E:/UE5/projects/WorkingTitleTest/Content/StarterContent/Materials/M_Tech_Panel.uasset" 916
"E:/UE5/projects/WorkingTitleTest/Content/StarterContent/Materials/M_Tech_Panel.uexp" 917
"E:/UE5/projects/WorkingTitleTest/Content/StarterContent/Materials/M_Tech_Hex_Tile_Pulse.uasset" 918
"E:/UE5/projects/WorkingTitleTest/Content/StarterContent/Materials/M_Tech_Hex_Tile_Pulse.uexp" 919
"E:/UE5/projects/WorkingTitleTest/Content/StarterContent/Props/SM_PillarFrame.uasset" 920
"E:/UE5/projects/WorkingTitleTest/Content/StarterContent/Props/SM_PillarFrame.uexp" 921
"E:/UE5/projects/WorkingTitleTest/Content/StarterContent/Textures/T_TableRound_N.uasset" 922
"E:/UE5/projects/WorkingTitleTest/Content/StarterContent/Textures/T_TableRound_N.uexp" 923
"E:/UE5/projects/WorkingTitleTest/Content/StarterContent/Textures/T_TableRound_M.uasset" 924
"E:/UE5/projects/WorkingTitleTest/Content/StarterContent/Textures/T_TableRound_M.uexp" 925
"E:/UE5/projects/WorkingTitleTest/Content/StarterContent/Props/Materials/M_TableRound.uasset" 926
"E:/UE5/projects/WorkingTitleTest/Content/StarterContent/Props/Materials/M_TableRound.uexp" 927
"E:/UE5/projects/WorkingTitleTest/Content/StarterContent/Props/SM_TableRound.uasset" 928
"E:/UE5/projects/WorkingTitleTest/Content/StarterContent/Props/SM_TableRound.uexp" 929
"E:/UE5/projects/WorkingTitleTest/Content/StarterContent/Textures/T_Fire_Tiled_D.uasset" 930
"E:/UE5/projects/WorkingTitleTest/Content/StarterContent/Textures/T_Fire_Tiled_D.uexp" 931
"E:/UE5/projects/WorkingTitleTest/Content/StarterContent/Textures/T_Fire_SubUV.uasset" 932
"E:/UE5/projects/WorkingTitleTest/Content/StarterContent/Textures/T_Fire_SubUV.uexp" 933
"E:/UE5/projects/WorkingTitleTest/Content/StarterContent/Particles/Materials/M_Fire_SubUV.uasset" 934
"E:/UE5/projects/WorkingTitleTest/Content/StarterContent/Particles/Materials/M_Fire_SubUV.uexp" 935
"E:/UE5/projects/WorkingTitleTest/Content/StarterContent/Particles/Materials/M_Heat_Distortion.uasset" 936
"E:/UE5/projects/WorkingTitleTest/Content/StarterContent/Particles/Materials/M_Heat_Distortion.uexp" 937
"E:/UE5/projects/WorkingTitleTest/Content/StarterContent/Particles/P_Fire.uasset" 938
"E:/UE5/projects/WorkingTitleTest/Content/StarterContent/Particles/P_Fire.uexp" 939
"E:/UE5/projects/WorkingTitleTest/Content/StarterContent/Audio/Fire01_Cue.uasset" 940
"E:/UE5/projects/WorkingTitleTest/Content/StarterContent/Audio/Fire01_Cue.uexp" 941
"E:/UE5/projects/WorkingTitleTest/Content/StarterContent/Blueprints/Blueprint_Effect_Fire.uasset" 942
"E:/UE5/projects/WorkingTitleTest/Content/StarterContent/Blueprints/Blueprint_Effect_Fire.uexp" 943
"E:/UE5/projects/WorkingTitleTest/Content/StarterContent/Textures/T_Wood_Oak_N.uasset" 944
"E:/UE5/projects/WorkingTitleTest/Content/StarterContent/Textures/T_Wood_Oak_N.uexp" 945
"E:/UE5/projects/WorkingTitleTest/Content/StarterContent/Textures/T_Wood_Oak_D.uasset" 946
"E:/UE5/projects/WorkingTitleTest/Content/StarterContent/Textures/T_Wood_Oak_D.uexp" 947
"E:/UE5/projects/WorkingTitleTest/Content/StarterContent/Materials/M_Wood_Oak.uasset" 948
"E:/UE5/projects/WorkingTitleTest/Content/StarterContent/Materials/M_Wood_Oak.uexp" 949
"E:/UE5/projects/WorkingTitleTest/Content/StarterContent/Architecture/Wall_Window_400x300.uasset" 950
"E:/UE5/projects/WorkingTitleTest/Content/StarterContent/Architecture/Wall_Window_400x300.uexp" 951
"E:/UE5/projects/WorkingTitleTest/Content/StarterContent/Textures/T_Detail_Rocky_N.uasset" 952
"E:/UE5/projects/WorkingTitleTest/Content/StarterContent/Textures/T_Detail_Rocky_N.uexp" 953
"E:/UE5/projects/WorkingTitleTest/Content/StarterContent/Textures/T_Brick_Hewn_Stone_N.uasset" 954
"E:/UE5/projects/WorkingTitleTest/Content/StarterContent/Textures/T_Brick_Hewn_Stone_N.uexp" 955
"E:/UE5/projects/WorkingTitleTest/Content/StarterContent/Textures/T_Brick_Hewn_Stone_D.uasset" 956
"E:/UE5/projects/WorkingTitleTest/Content/StarterContent/Textures/T_Brick_Hewn_Stone_D.uexp" 957
"E:/UE5/projects/WorkingTitleTest/Content/StarterContent/Textures/T_Brick_Hewn_Stone_M.uasset" 958
"E:/UE5/projects/WorkingTitleTest/Content/StarterContent/Textures/T_Brick_Hewn_Stone_M.uexp" 959
"E:/UE5/projects/WorkingTitleTest/Content/StarterContent/Materials/M_Brick_Hewn_Stone.uasset" 960
"E:/UE5/projects/WorkingTitleTest/Content/StarterContent/Materials/M_Brick_Hewn_Stone.uexp" 961
"E:/UE5/projects/WorkingTitleTest/Content/StarterContent/Audio/Smoke01_Cue.uasset" 962
"E:/UE5/projects/WorkingTitleTest/Content/StarterContent/Audio/Smoke01_Cue.uexp" 963
"E:/UE5/projects/WorkingTitleTest/Content/StarterContent/Particles/P_Smoke.uasset" 964
"E:/UE5/projects/WorkingTitleTest/Content/StarterContent/Particles/P_Smoke.uexp" 965
"E:/UE5/projects/WorkingTitleTest/Content/StarterContent/Blueprints/Blueprint_Effect_Smoke.uasset" 966
"E:/UE5/projects/WorkingTitleTest/Content/StarterContent/Blueprints/Blueprint_Effect_Smoke.uexp" 967
"E:/UE5/projects/WorkingTitleTest/Content/StarterContent/Textures/T_CobbleStone_Rough_N.uasset" 968
"E:/UE5/projects/WorkingTitleTest/Content/StarterContent/Textures/T_CobbleStone_Rough_N.uexp" 969
"E:/UE5/projects/WorkingTitleTest/Content/StarterContent/Textures/T_CobbleStone_Rough_D.uasset" 970
"E:/UE5/projects/WorkingTitleTest/Content/StarterContent/Textures/T_CobbleStone_Rough_D.uexp" 971
"E:/UE5/projects/WorkingTitleTest/Content/StarterContent/Materials/M_CobbleStone_Rough.uasset" 972
"E:/UE5/projects/WorkingTitleTest/Content/StarterContent/Materials/M_CobbleStone_Rough.uexp" 973
"E:/UE5/projects/WorkingTitleTest/Content/StarterContent/Textures/T_Statue_M.uasset" 974
"E:/UE5/projects/WorkingTitleTest/Content/StarterContent/Textures/T_Statue_M.uexp" 975
"E:/UE5/projects/WorkingTitleTest/Content/StarterContent/Textures/T_Statue_N.uasset" 976
"E:/UE5/projects/WorkingTitleTest/Content/StarterContent/Textures/T_Statue_N.uexp" 977
"E:/UE5/projects/WorkingTitleTest/Content/StarterContent/Props/Materials/M_Statue.uasset" 978
"E:/UE5/projects/WorkingTitleTest/Content/StarterContent/Props/Materials/M_Statue.uexp" 979
"E:/UE5/projects/WorkingTitleTest/Content/StarterContent/Props/Materials/M_StatueGlass.uasset" 980
"E:/UE5/projects/WorkingTitleTest/Content/StarterContent/Props/Materials/M_StatueGlass.uexp" 981
"E:/UE5/projects/WorkingTitleTest/Content/StarterContent/Props/SM_Statue.uasset" 982
"E:/UE5/projects/WorkingTitleTest/Content/StarterContent/Props/SM_Statue.uexp" 983
"E:/UE5/projects/WorkingTitleTest/Content/StarterContent/Textures/T_ground_Moss_D.uasset" 984
"E:/UE5/projects/WorkingTitleTest/Content/StarterContent/Textures/T_ground_Moss_D.uexp" 985
"E:/UE5/projects/WorkingTitleTest/Content/StarterContent/Textures/T_Ground_Moss_N.uasset" 986
"E:/UE5/projects/WorkingTitleTest/Content/StarterContent/Textures/T_Ground_Moss_N.uexp" 987
"E:/UE5/projects/WorkingTitleTest/Content/StarterContent/Materials/M_Ground_Moss.uasset" 988
"E:/UE5/projects/WorkingTitleTest/Content/StarterContent/Materials/M_Ground_Moss.uexp" 989
"E:/UE5/projects/WorkingTitleTest/Content/StarterContent/Props/SM_PillarFrame300.uasset" 990
"E:/UE5/projects/WorkingTitleTest/Content/StarterContent/Props/SM_PillarFrame300.uexp" 991
"E:/UE5/projects/WorkingTitleTest/Content/StarterContent/Materials/M_Metal_Chrome.uasset" 992
"E:/UE5/projects/WorkingTitleTest/Content/StarterContent/Materials/M_Metal_Chrome.uexp" 993
"E:/UE5/projects/WorkingTitleTest/Content/StarterContent/Textures/T_Ground_Grass_D.uasset" 994
"E:/UE5/projects/WorkingTitleTest/Content/StarterContent/Textures/T_Ground_Grass_D.uexp" 995
"E:/UE5/projects/WorkingTitleTest/Content/StarterContent/Textures/T_Ground_Grass_N.uasset" 996
"E:/UE5/projects/WorkingTitleTest/Content/StarterContent/Textures/T_Ground_Grass_N.uexp" 997
"E:/UE5/projects/WorkingTitleTest/Content/StarterContent/Materials/M_Ground_Grass.uasset" 998
"E:/UE5/projects/WorkingTitleTest/Content/StarterContent/Materials/M_Ground_Grass.uexp" 999
"E:/UE5/projects/WorkingTitleTest/Content/StarterContent/Textures/T_Metal_Gold_D.uasset" 1000
"E:/UE5/projects/WorkingTitleTest/Content/StarterContent/Textures/T_Metal_Gold_D.uexp" 1001
"E:/UE5/projects/WorkingTitleTest/Content/StarterContent/Materials/M_Metal_Gold.uasset" 1002
"E:/UE5/projects/WorkingTitleTest/Content/StarterContent/Materials/M_Metal_Gold.uexp" 1003
"E:/UE5/projects/WorkingTitleTest/Content/StarterContent/Audio/Starter_Background_Cue.uasset" 1004
"E:/UE5/projects/WorkingTitleTest/Content/StarterContent/Audio/Starter_Background_Cue.uexp" 1005
"E:/UE5/projects/WorkingTitleTest/Content/StarterContent/Maps/StarterMap_BuiltData.uasset" 1006
"E:/UE5/projects/WorkingTitleTest/Content/StarterContent/Maps/StarterMap_BuiltData.uexp" 1007
"E:/UE5/projects/WorkingTitleTest/Content/StarterContent/Props/SM_CornerFrame.uasset" 1008
"E:/UE5/projects/WorkingTitleTest/Content/StarterContent/Props/SM_CornerFrame.uexp" 1009
"E:/UE5/projects/WorkingTitleTest/Content/StarterContent/Shapes/Shape_Sphere.uasset" 1010
"E:/UE5/projects/WorkingTitleTest/Content/StarterContent/Shapes/Shape_Sphere.uexp" 1011
"E:/UE5/projects/WorkingTitleTest/Content/StarterContent/Audio/Starter_Music_Cue.uasset" 1012
"E:/UE5/projects/WorkingTitleTest/Content/StarterContent/Audio/Starter_Music_Cue.uexp" 1013
"E:/UE5/projects/WorkingTitleTest/Content/StarterContent/Shapes/Shape_QuadPyramid.uasset" 1014
"E:/UE5/projects/WorkingTitleTest/Content/StarterContent/Shapes/Shape_QuadPyramid.uexp" 1015
"E:/UE5/projects/WorkingTitleTest/Content/StarterContent/Textures/T_Brick_Clay_New_D.uasset" 1016
"E:/UE5/projects/WorkingTitleTest/Content/StarterContent/Textures/T_Brick_Clay_New_D.uexp" 1017
"E:/UE5/projects/WorkingTitleTest/Content/StarterContent/Textures/T_Brick_Clay_New_M.uasset" 1018
"E:/UE5/projects/WorkingTitleTest/Content/StarterContent/Textures/T_Brick_Clay_New_M.uexp" 1019
"E:/UE5/projects/WorkingTitleTest/Content/StarterContent/Textures/T_Brick_Clay_New_N.uasset" 1020
"E:/UE5/projects/WorkingTitleTest/Content/StarterContent/Textures/T_Brick_Clay_New_N.uexp" 1021
"E:/UE5/projects/WorkingTitleTest/Content/StarterContent/Materials/M_Brick_Clay_New.uasset" 1022
"E:/UE5/projects/WorkingTitleTest/Content/StarterContent/Materials/M_Brick_Clay_New.uexp" 1023
"E:/UE5/projects/WorkingTitleTest/Content/StarterContent/Textures/T_Metal_Aluminum_D.uasset" 1024
"E:/UE5/projects/WorkingTitleTest/Content/StarterContent/Textures/T_Metal_Aluminum_D.uexp" 1025
"E:/UE5/projects/WorkingTitleTest/Content/StarterContent/Materials/M_Metal_Burnished_Steel.uasset" 1026
"E:/UE5/projects/WorkingTitleTest/Content/StarterContent/Materials/M_Metal_Burnished_Steel.uexp" 1027
"E:/UE5/projects/WorkingTitleTest/Content/StarterContent/Props/SM_Chair.uasset" 1028
"E:/UE5/projects/WorkingTitleTest/Content/StarterContent/Props/SM_Chair.uexp" 1029
"E:/UE5/projects/WorkingTitleTest/Content/StarterContent/Textures/T_Concrete_Panels_D.uasset" 1030
"E:/UE5/projects/WorkingTitleTest/Content/StarterContent/Textures/T_Concrete_Panels_D.uexp" 1031
"E:/UE5/projects/WorkingTitleTest/Content/StarterContent/Textures/T_Concrete_Panels_N.uasset" 1032
"E:/UE5/projects/WorkingTitleTest/Content/StarterContent/Textures/T_Concrete_Panels_N.uexp" 1033
"E:/UE5/projects/WorkingTitleTest/Content/StarterContent/Materials/M_Concrete_Panels.uasset" 1034
"E:/UE5/projects/WorkingTitleTest/Content/StarterContent/Materials/M_Concrete_Panels.uexp" 1035
"E:/UE5/projects/WorkingTitleTest/Content/StarterContent/Maps/StarterMap.uexp" 1036
"E:/UE5/projects/WorkingTitleTest/Content/StarterContent/Maps/StarterMap.umap" 1037
